Using pre-set license
Built from '2020.3/release' branch; Version is '2020.3.1f1 (77a89f25062f) revision 7841951'; Using compiler version '192528614'; Build Type 'Release'
OS: 'Windows 10 Pro; OS build 19042.985; Version 2009; 64bit' Language: 'en' Physical Memory: 16144 MB
BatchMode: 1, IsHumanControllingUs: 0, StartBugReporterOnCrash: 0, Is64bit: 1, IsPro: 0

 COMMAND LINE ARGUMENTS:
C:\Program Files\Unity\Hub\Editor\2020.3.1f1\Editor\Unity.exe
-adb2
-batchMode
-noUpm
-name
AssetImportWorker0
-projectPath
C:/Users/benne/OneDrive/Documents/aie/Assessment_4_Racing_Game/UnityProjectFiles/Racing Game Assessment 4
-logFile
Logs/AssetImportWorker0.log
-srvPort
59621
Successfully changed project path to: C:/Users/benne/OneDrive/Documents/aie/Assessment_4_Racing_Game/UnityProjectFiles/Racing Game Assessment 4
C:/Users/benne/OneDrive/Documents/aie/Assessment_4_Racing_Game/UnityProjectFiles/Racing Game Assessment 4
Using Asset Import Pipeline V2.
Refreshing native plugins compatible for Editor in 82.04 ms, found 1 plugins.
Preloading 0 native plugins for Editor in 0.00 ms.
Initialize engine version: 2020.3.1f1 (77a89f25062f)
[Subsystems] Discovering subsystems at path C:/Program Files/Unity/Hub/Editor/2020.3.1f1/Editor/Data/Resources/UnitySubsystems
[Subsystems] Discovering subsystems at path C:/Users/benne/OneDrive/Documents/aie/Assessment_4_Racing_Game/UnityProjectFiles/Racing Game Assessment 4/Assets
GfxDevice: creating device client; threaded=0
Direct3D:
    Version:  Direct3D 11.0 [level 11.1]
    Renderer: NVIDIA GeForce MX230 (ID=0x1d11)
    Vendor:   
    VRAM:     1984 MB
    Driver:   27.21.14.6647
Initialize mono
Mono path[0] = 'C:/Program Files/Unity/Hub/Editor/2020.3.1f1/Editor/Data/Managed'
Mono path[1] = 'C:/Program Files/Unity/Hub/Editor/2020.3.1f1/Editor/Data/MonoBleedingEdge/lib/mono/unityjit'
Mono config path = 'C:/Program Files/Unity/Hub/Editor/2020.3.1f1/Editor/Data/MonoBleedingEdge/etc'
Using monoOptions --debugger-agent=transport=dt_socket,embedding=1,server=y,suspend=n,address=127.0.0.1:56912
Begin MonoManager ReloadAssembly
Registering precompiled unity dll's ...
Register platform support module: C:/Program Files/Unity/Hub/Editor/2020.3.1f1/Editor/Data/PlaybackEngines/WebGLSupport/UnityEditor.WebGL.Extensions.dll
Register platform support module: C:/Program Files/Unity/Hub/Editor/2020.3.1f1/Editor/Data/PlaybackEngines/WindowsStandaloneSupport/UnityEditor.WindowsStandalone.Extensions.dll
Registered in 0.003570 seconds.
Native extension for WindowsStandalone target not found
Native extension for WebGL target not found
Refreshing native plugins compatible for Editor in 83.45 ms, found 1 plugins.
Preloading 0 native plugins for Editor in 0.00 ms.
Invoked RoslynAnalysisRunner static constructor.
RoslynAnalysisRunner will not be running.
RoslynAnalysisRunner has terminated.
Mono: successfully reloaded assembly
- Completed reload, in  6.360 seconds
Platform modules already initialized, skipping
Registering precompiled user dll's ...
Registered in 0.007035 seconds.
Begin MonoManager ReloadAssembly
Native extension for WindowsStandalone target not found
Native extension for WebGL target not found
Refreshing native plugins compatible for Editor in 80.35 ms, found 1 plugins.
Preloading 0 native plugins for Editor in 0.00 ms.
Invoked RoslynAnalysisRunner static constructor.
RoslynAnalysisRunner will not be running.
RoslynAnalysisRunner has terminated.
Mono: successfully reloaded assembly
- Completed reload, in  4.689 seconds
Platform modules already initialized, skipping
========================================================================
Worker process is ready to serve import requests
Launched and connected shader compiler UnityShaderCompiler.exe after 0.07 seconds
Refreshing native plugins compatible for Editor in 0.46 ms, found 1 plugins.
Preloading 0 native plugins for Editor in 0.00 ms.
Unloading 1728 Unused Serialized files (Serialized files now loaded: 0)
System memory in use before: 85.1 MB.
System memory in use after: 85.2 MB.

Unloading 24 unused Assets to reduce memory usage. Loaded Objects now: 2158.
Total: 4.786300 ms (FindLiveObjects: 0.820500 ms CreateObjectMapping: 0.151900 ms MarkObjects: 3.691100 ms  DeleteObjects: 0.120100 ms)

========================================================================
Received Import Request.
  path: Assets/Materials
  artifactKey: Guid(ea403e21b75280349af91f574475a8aa) Importer(815301076,1909f56bfc062723c751e8b465ee728b)
Start importing Assets/Materials using Guid(ea403e21b75280349af91f574475a8aa) Importer(815301076,1909f56bfc062723c751e8b465ee728b)  -> (artifact id: '32427ea9d1569bbf94714d1b2f84e162') in 0.019540 seconds
  Import took 0.025230 seconds .

========================================================================
Received Import Request.
  Time since last request: 2.789782 seconds.
  path: Assets/Materials/New.physicMaterial
  artifactKey: Guid(779ad9f229665154780402d9fab119d5) Importer(815301076,1909f56bfc062723c751e8b465ee728b)
Start importing Assets/Materials/New.physicMaterial using Guid(779ad9f229665154780402d9fab119d5) Importer(815301076,1909f56bfc062723c751e8b465ee728b)  -> (artifact id: 'df959cfaa36863d0a56fdf42d55ac7c3') in 0.043134 seconds
  Import took 0.048017 seconds .

========================================================================
Received Import Request.
  Time since last request: 15.730058 seconds.
  path: Assets/Materials/Physic Materials
  artifactKey: Guid(d0ed0b3c5e5bf8a4a861e8e42e41c944) Importer(815301076,1909f56bfc062723c751e8b465ee728b)
Start importing Assets/Materials/Physic Materials using Guid(d0ed0b3c5e5bf8a4a861e8e42e41c944) Importer(815301076,1909f56bfc062723c751e8b465ee728b)  -> (artifact id: 'be021cbb6d5c5b6a2e4b6dc177d3554b') in 0.015210 seconds
  Import took 0.022801 seconds .

========================================================================
Received Import Request.
  Time since last request: 0.009067 seconds.
  path: Assets/Materials/Physic Materials
  artifactKey: Guid(d0ed0b3c5e5bf8a4a861e8e42e41c944) Importer(815301076,1909f56bfc062723c751e8b465ee728b)
Start importing Assets/Materials/Physic Materials using Guid(d0ed0b3c5e5bf8a4a861e8e42e41c944) Importer(815301076,1909f56bfc062723c751e8b465ee728b)  -> (artifact id: 'be021cbb6d5c5b6a2e4b6dc177d3554b') in 0.003467 seconds
  Import took 0.007253 seconds .

========================================================================
Received Import Request.
  Time since last request: 14.321373 seconds.
  path: Assets/Materials/Physic Materials/kart.physicMaterial
  artifactKey: Guid(d8500ab8b188c9e4fa3d851658c5a3b9) Importer(815301076,1909f56bfc062723c751e8b465ee728b)
Start importing Assets/Materials/Physic Materials/kart.physicMaterial using Guid(d8500ab8b188c9e4fa3d851658c5a3b9) Importer(815301076,1909f56bfc062723c751e8b465ee728b)  -> (artifact id: '9d8d144b304f542c8d33c008971d0d31') in 0.008976 seconds
  Import took 0.013204 seconds .

========================================================================
Received Import Request.
  Time since last request: 0.001061 seconds.
  path: Assets/Materials/Physic Materials/kart.physicMaterial
  artifactKey: Guid(d8500ab8b188c9e4fa3d851658c5a3b9) Importer(815301076,1909f56bfc062723c751e8b465ee728b)
Start importing Assets/Materials/Physic Materials/kart.physicMaterial using Guid(d8500ab8b188c9e4fa3d851658c5a3b9) Importer(815301076,1909f56bfc062723c751e8b465ee728b)  -> (artifact id: '9d8d144b304f542c8d33c008971d0d31') in 0.003114 seconds
  Import took 0.007705 seconds .

========================================================================
Received Import Request.
  Time since last request: 26.559965 seconds.
  path: Assets/Materials/Physic Materials/kart.physicMaterial
  artifactKey: Guid(d8500ab8b188c9e4fa3d851658c5a3b9) Importer(815301076,1909f56bfc062723c751e8b465ee728b)
Start importing Assets/Materials/Physic Materials/kart.physicMaterial using Guid(d8500ab8b188c9e4fa3d851658c5a3b9) Importer(815301076,1909f56bfc062723c751e8b465ee728b)  -> (artifact id: '199325f4e9d5e78ba379e5c27cbb03b5') in 0.003316 seconds
  Import took 0.006882 seconds .

========================================================================
Received Prepare
Registering precompiled user dll's ...
Registered in 0.007759 seconds.
Begin MonoManager ReloadAssembly
Native extension for WindowsStandalone target not found
Native extension for WebGL target not found
Refreshing native plugins compatible for Editor in 0.77 ms, found 1 plugins.
Preloading 0 native plugins for Editor in 0.00 ms.
Invoked RoslynAnalysisRunner static constructor.
RoslynAnalysisRunner will not be running.
RoslynAnalysisRunner has terminated.
Mono: successfully reloaded assembly
- Completed reload, in  2.157 seconds
Platform modules already initialized, skipping
Refreshing native plugins compatible for Editor in 0.44 ms, found 1 plugins.
Preloading 0 native plugins for Editor in 0.00 ms.
Unloading 1721 Unused Serialized files (Serialized files now loaded: 0)
System memory in use before: 85.0 MB.
System memory in use after: 85.1 MB.

Unloading 19 unused Assets to reduce memory usage. Loaded Objects now: 2161.
Total: 2.400400 ms (FindLiveObjects: 0.181100 ms CreateObjectMapping: 0.066200 ms MarkObjects: 2.077600 ms  DeleteObjects: 0.074100 ms)

========================================================================
Received Import Request.
  Time since last request: 2252.270520 seconds.
  path: Assets/3de PartyAssets
  artifactKey: Guid(9c23673db768f904d82c6b9e57ab5e70) Importer(815301076,1909f56bfc062723c751e8b465ee728b)
Start importing Assets/3de PartyAssets using Guid(9c23673db768f904d82c6b9e57ab5e70) Importer(815301076,1909f56bfc062723c751e8b465ee728b)  -> (artifact id: '7c2229a5dd6ba72352a6d786f96c9d61') in 0.066779 seconds
  Import took 0.082551 seconds .

========================================================================
Received Import Request.
  Time since last request: 1.002615 seconds.
  path: Assets/3de PartyAssets/Models
  artifactKey: Guid(d2ed0f5c010f90747a72e1469cdb945e) Importer(815301076,1909f56bfc062723c751e8b465ee728b)
Start importing Assets/3de PartyAssets/Models using Guid(d2ed0f5c010f90747a72e1469cdb945e) Importer(815301076,1909f56bfc062723c751e8b465ee728b)  -> (artifact id: '052c46a2b52024b6d1a2499d569ee282') in 0.011746 seconds
  Import took 0.017045 seconds .

========================================================================
Received Import Request.
  Time since last request: 0.126509 seconds.
  path: Assets/3de PartyAssets/Models/ModularTrackBank.fbx
  artifactKey: Guid(4d78ba7a27ef95e42832311b9ef53fab) Importer(815301076,1909f56bfc062723c751e8b465ee728b)
Start importing Assets/3de PartyAssets/Models/ModularTrackBank.fbx using Guid(4d78ba7a27ef95e42832311b9ef53fab) Importer(815301076,1909f56bfc062723c751e8b465ee728b)  -> (artifact id: 'a7a9381c78933b0257058eed2531b692') in 0.385397 seconds
  Import took 0.390478 seconds .

========================================================================
Received Import Request.
  Time since last request: 0.000352 seconds.
  path: Assets/3de PartyAssets/Models/ModularTrackCantSmallRight.fbx
  artifactKey: Guid(53e55511dbfa99e46857f6f40fd330d6) Importer(815301076,1909f56bfc062723c751e8b465ee728b)
Start importing Assets/3de PartyAssets/Models/ModularTrackCantSmallRight.fbx using Guid(53e55511dbfa99e46857f6f40fd330d6) Importer(815301076,1909f56bfc062723c751e8b465ee728b)  -> (artifact id: 'a6ca86e6f4e7334527b94bc6c846e35c') in 0.068615 seconds
  Import took 0.074881 seconds .

========================================================================
Received Import Request.
  Time since last request: 0.000255 seconds.
  path: Assets/3de PartyAssets/Models/ModularTrackCurveLargeLeft.fbx
  artifactKey: Guid(6f3557d33e60cc0448533f89bf1c976e) Importer(815301076,1909f56bfc062723c751e8b465ee728b)
Start importing Assets/3de PartyAssets/Models/ModularTrackCurveLargeLeft.fbx using Guid(6f3557d33e60cc0448533f89bf1c976e) Importer(815301076,1909f56bfc062723c751e8b465ee728b)  -> (artifact id: 'e49cbc5809b64a3af9ccefbdfd080b3a') in 0.062312 seconds
  Import took 0.067094 seconds .

========================================================================
Received Import Request.
  Time since last request: 0.000330 seconds.
  path: Assets/3de PartyAssets/Models/ModularTrackCurveLeft.fbx
  artifactKey: Guid(5ba1779333c6ae74bb48949b0232790d) Importer(815301076,1909f56bfc062723c751e8b465ee728b)
Start importing Assets/3de PartyAssets/Models/ModularTrackCurveLeft.fbx using Guid(5ba1779333c6ae74bb48949b0232790d) Importer(815301076,1909f56bfc062723c751e8b465ee728b)  -> (artifact id: '89a26fe4ff4713f21cb9a9d33a785eb3') in 0.047775 seconds
  Import took 0.052525 seconds .

========================================================================
Received Import Request.
  Time since last request: 0.000265 seconds.
  path: Assets/3de PartyAssets/Models/ModularTrackSpiralRight.fbx
  artifactKey: Guid(86be606c0e2233e45bdfe141f39ecd88) Importer(815301076,1909f56bfc062723c751e8b465ee728b)
Start importing Assets/3de PartyAssets/Models/ModularTrackSpiralRight.fbx using Guid(86be606c0e2233e45bdfe141f39ecd88) Importer(815301076,1909f56bfc062723c751e8b465ee728b)  -> (artifact id: 'bcdb36815fbf177e8f1297dc9c3fb008') in 0.035587 seconds
  Import took 0.039896 seconds .

========================================================================
Received Import Request.
  Time since last request: 0.000307 seconds.
  path: Assets/3de PartyAssets/Models/ModularTrackSCurveRight.fbx
  artifactKey: Guid(a97d526f5c936cf4687e6312429105b2) Importer(815301076,1909f56bfc062723c751e8b465ee728b)
Start importing Assets/3de PartyAssets/Models/ModularTrackSCurveRight.fbx using Guid(a97d526f5c936cf4687e6312429105b2) Importer(815301076,1909f56bfc062723c751e8b465ee728b)  -> (artifact id: '2f1b05cc067f91ff0804de6a19fa8015') in 0.061370 seconds
  Import took 0.066699 seconds .

========================================================================
Received Import Request.
  Time since last request: 0.000303 seconds.
  path: Assets/3de PartyAssets/Models/ModularTrackBumpyStraight.fbx
  artifactKey: Guid(aee3a0f78d2335045b9a8fd7027e64bb) Importer(815301076,1909f56bfc062723c751e8b465ee728b)
Start importing Assets/3de PartyAssets/Models/ModularTrackBumpyStraight.fbx using Guid(aee3a0f78d2335045b9a8fd7027e64bb) Importer(815301076,1909f56bfc062723c751e8b465ee728b)  -> (artifact id: '2a762a63f038b98b9c21918bc248d080') in 0.034809 seconds
  Import took 0.040615 seconds .

========================================================================
Received Import Request.
  Time since last request: 0.000302 seconds.
  path: Assets/3de PartyAssets/Models/ModularTrackCantSmallLeft.fbx
  artifactKey: Guid(94ba8c66992af5d4f998f6970c63ff6b) Importer(815301076,1909f56bfc062723c751e8b465ee728b)
Start importing Assets/3de PartyAssets/Models/ModularTrackCantSmallLeft.fbx using Guid(94ba8c66992af5d4f998f6970c63ff6b) Importer(815301076,1909f56bfc062723c751e8b465ee728b)  -> (artifact id: 'b6f20aa149ff2bca06935c0a7835dcc2') in 0.032352 seconds
  Import took 0.036529 seconds .

========================================================================
Received Import Request.
  Time since last request: 0.000304 seconds.
  path: Assets/3de PartyAssets/Models/ModularTrackCantMediumLeft.fbx
  artifactKey: Guid(fc370b16b8bb6ad42af63029bfdd7c51) Importer(815301076,1909f56bfc062723c751e8b465ee728b)
Start importing Assets/3de PartyAssets/Models/ModularTrackCantMediumLeft.fbx using Guid(fc370b16b8bb6ad42af63029bfdd7c51) Importer(815301076,1909f56bfc062723c751e8b465ee728b)  -> (artifact id: '412814b44493aac6bf39c0373cda2fe6') in 0.034852 seconds
  Import took 0.038986 seconds .

========================================================================
Received Import Request.
  Time since last request: 0.000331 seconds.
  path: Assets/3de PartyAssets/Models/ModularTrackSpiralLeft.fbx
  artifactKey: Guid(a535f2ed5b617bb479fefc99614855aa) Importer(815301076,1909f56bfc062723c751e8b465ee728b)
Start importing Assets/3de PartyAssets/Models/ModularTrackSpiralLeft.fbx using Guid(a535f2ed5b617bb479fefc99614855aa) Importer(815301076,1909f56bfc062723c751e8b465ee728b)  -> (artifact id: '00ae8584c619662ed97e4da5fdb0928d') in 0.032086 seconds
  Import took 0.036766 seconds .

========================================================================
Received Import Request.
  Time since last request: 0.000294 seconds.
  path: Assets/3de PartyAssets/Models/ModularTrackRampCurveRight.fbx
  artifactKey: Guid(5d39e45a15531314c85696235b772c47) Importer(815301076,1909f56bfc062723c751e8b465ee728b)
Start importing Assets/3de PartyAssets/Models/ModularTrackRampCurveRight.fbx using Guid(5d39e45a15531314c85696235b772c47) Importer(815301076,1909f56bfc062723c751e8b465ee728b)  -> (artifact id: '6f7462fecc836b4489b3b852ab2bdece') in 0.031263 seconds
  Import took 0.035568 seconds .

========================================================================
Received Import Request.
  Time since last request: 0.000247 seconds.
  path: Assets/3de PartyAssets/Models/ModularTrackCurveMediumLeft.fbx
  artifactKey: Guid(808e5aca9d55d104996213ece5899489) Importer(815301076,1909f56bfc062723c751e8b465ee728b)
Start importing Assets/3de PartyAssets/Models/ModularTrackCurveMediumLeft.fbx using Guid(808e5aca9d55d104996213ece5899489) Importer(815301076,1909f56bfc062723c751e8b465ee728b)  -> (artifact id: '8ae280fe9db2b64c5044516c539a281e') in 0.044522 seconds
  Import took 0.049050 seconds .

========================================================================
Received Import Request.
  Time since last request: 0.000298 seconds.
  path: Assets/3de PartyAssets/Models/ModularTrackCantMediumRight.fbx
  artifactKey: Guid(40cde591bc8987c46b3a1d5ce7d60b46) Importer(815301076,1909f56bfc062723c751e8b465ee728b)
Start importing Assets/3de PartyAssets/Models/ModularTrackCantMediumRight.fbx using Guid(40cde591bc8987c46b3a1d5ce7d60b46) Importer(815301076,1909f56bfc062723c751e8b465ee728b)  -> (artifact id: '525b1890d56820d0107de2a26fab5cf6') in 0.031665 seconds
  Import took 0.035496 seconds .

========================================================================
Received Import Request.
  Time since last request: 0.000318 seconds.
  path: Assets/3de PartyAssets/Models/ModularTrackRamp.fbx
  artifactKey: Guid(a186211946a0d4442868eb6176478feb) Importer(815301076,1909f56bfc062723c751e8b465ee728b)
Start importing Assets/3de PartyAssets/Models/ModularTrackRamp.fbx using Guid(a186211946a0d4442868eb6176478feb) Importer(815301076,1909f56bfc062723c751e8b465ee728b)  -> (artifact id: 'ec7192b061177a09cc48f09f48078ff3') in 0.032533 seconds
  Import took 0.036256 seconds .

========================================================================
Received Import Request.
  Time since last request: 0.000309 seconds.
  path: Assets/3de PartyAssets/Models/ModularTrackRampCurveLeft.fbx
  artifactKey: Guid(35e89eb7c8f68f149bd088c867de64e3) Importer(815301076,1909f56bfc062723c751e8b465ee728b)
Start importing Assets/3de PartyAssets/Models/ModularTrackRampCurveLeft.fbx using Guid(35e89eb7c8f68f149bd088c867de64e3) Importer(815301076,1909f56bfc062723c751e8b465ee728b)  -> (artifact id: '585b0d63da5e575af45937005c8ac351') in 0.053135 seconds
  Import took 0.057021 seconds .

========================================================================
Received Import Request.
  Time since last request: 0.001037 seconds.
  path: Assets/3de PartyAssets/Models/ModularTrackSCurveLeft.fbx
  artifactKey: Guid(29601e877059c794e9768d4d77d6e4fa) Importer(815301076,1909f56bfc062723c751e8b465ee728b)
Start importing Assets/3de PartyAssets/Models/ModularTrackSCurveLeft.fbx using Guid(29601e877059c794e9768d4d77d6e4fa) Importer(815301076,1909f56bfc062723c751e8b465ee728b)  -> (artifact id: '4123aa60886b2bebde2154840309cf83') in 0.071986 seconds
  Import took 0.080378 seconds .

========================================================================
Received Import Request.
  Time since last request: 0.000352 seconds.
  path: Assets/3de PartyAssets/Models/ModularTrackStraight.fbx
  artifactKey: Guid(2ed909520b1cf5a4cb7843816b3d9ac6) Importer(815301076,1909f56bfc062723c751e8b465ee728b)
Start importing Assets/3de PartyAssets/Models/ModularTrackStraight.fbx using Guid(2ed909520b1cf5a4cb7843816b3d9ac6) Importer(815301076,1909f56bfc062723c751e8b465ee728b)  -> (artifact id: '3a94a0de0305df2937e49c5df34b5ba6') in 0.033294 seconds
  Import took 0.038566 seconds .

========================================================================
Received Import Request.
  Time since last request: 682.715153 seconds.
  path: Assets/Prefabs/TestCart.prefab
  artifactKey: Guid(767b739ba8da52d4ab35023e1c21eb2c) Importer(815301076,1909f56bfc062723c751e8b465ee728b)
Start importing Assets/Prefabs/TestCart.prefab using Guid(767b739ba8da52d4ab35023e1c21eb2c) Importer(815301076,1909f56bfc062723c751e8b465ee728b)  -> (artifact id: '9da43524486ebb40b4a79ec84a091f15') in 0.046066 seconds
  Import took 0.052319 seconds .

========================================================================
Received Import Request.
  Time since last request: 4.094691 seconds.
  path: Assets/Scripts/Wheel.cs
  artifactKey: Guid(4b3926e1d0a7b1b4188c8bb3b7fb48ba) Importer(815301076,1909f56bfc062723c751e8b465ee728b)
Start importing Assets/Scripts/Wheel.cs using Guid(4b3926e1d0a7b1b4188c8bb3b7fb48ba) Importer(815301076,1909f56bfc062723c751e8b465ee728b)  -> (artifact id: '09fa2f94d40f94ca1577394e46729653') in 0.037361 seconds
  Import took 0.042261 seconds .

========================================================================
Received Import Request.
  Time since last request: 0.027892 seconds.
  path: Assets/Scripts/Wheel.cs
  artifactKey: Guid(4b3926e1d0a7b1b4188c8bb3b7fb48ba) Importer(815301076,1909f56bfc062723c751e8b465ee728b)
Start importing Assets/Scripts/Wheel.cs using Guid(4b3926e1d0a7b1b4188c8bb3b7fb48ba) Importer(815301076,1909f56bfc062723c751e8b465ee728b)  -> (artifact id: '09fa2f94d40f94ca1577394e46729653') in 0.003026 seconds
  Import took 0.007207 seconds .

========================================================================
Received Prepare
Registering precompiled user dll's ...
Registered in 0.009115 seconds.
Begin MonoManager ReloadAssembly
Native extension for WindowsStandalone target not found
Native extension for WebGL target not found
Refreshing native plugins compatible for Editor in 0.56 ms, found 1 plugins.
Preloading 0 native plugins for Editor in 0.00 ms.
Invoked RoslynAnalysisRunner static constructor.
RoslynAnalysisRunner will not be running.
RoslynAnalysisRunner has terminated.
Mono: successfully reloaded assembly
- Completed reload, in  3.491 seconds
Platform modules already initialized, skipping
Refreshing native plugins compatible for Editor in 0.66 ms, found 1 plugins.
Preloading 0 native plugins for Editor in 0.00 ms.
Unloading 1721 Unused Serialized files (Serialized files now loaded: 0)
System memory in use before: 88.6 MB.
System memory in use after: 88.7 MB.

Unloading 20 unused Assets to reduce memory usage. Loaded Objects now: 2207.
Total: 5.681700 ms (FindLiveObjects: 0.246000 ms CreateObjectMapping: 0.103700 ms MarkObjects: 5.196900 ms  DeleteObjects: 0.132400 ms)

========================================================================
Received Import Request.
  Time since last request: 33.818322 seconds.
  path: Assets/Scripts/KartController.cs
  artifactKey: Guid(ea43d02180e3fe1409bdc6adaee64e36) Importer(815301076,1909f56bfc062723c751e8b465ee728b)
Start importing Assets/Scripts/KartController.cs using Guid(ea43d02180e3fe1409bdc6adaee64e36) Importer(815301076,1909f56bfc062723c751e8b465ee728b)  -> (artifact id: 'c7b691c78d83f84186bcab51cd3d64c6') in 0.038496 seconds
  Import took 0.052237 seconds .

========================================================================
Received Import Request.
  Time since last request: 4.628025 seconds.
  path: Assets/Scripts/InputController.cs
  artifactKey: Guid(f544bf842041eb249b62d72104bca325) Importer(815301076,1909f56bfc062723c751e8b465ee728b)
Start importing Assets/Scripts/InputController.cs using Guid(f544bf842041eb249b62d72104bca325) Importer(815301076,1909f56bfc062723c751e8b465ee728b)  -> (artifact id: 'f5cc1a660e2df569f29f4ec39ad9e013') in 0.009237 seconds
  Import took 0.013034 seconds .

========================================================================
Received Import Request.
  Time since last request: 0.000694 seconds.
  path: Assets/Scripts/InputController.cs
  artifactKey: Guid(f544bf842041eb249b62d72104bca325) Importer(815301076,1909f56bfc062723c751e8b465ee728b)
Start importing Assets/Scripts/InputController.cs using Guid(f544bf842041eb249b62d72104bca325) Importer(815301076,1909f56bfc062723c751e8b465ee728b)  -> (artifact id: 'f5cc1a660e2df569f29f4ec39ad9e013') in 0.003152 seconds
  Import took 0.006913 seconds .

========================================================================
Received Import Request.
  Time since last request: 8.218499 seconds.
  path: Assets/Scripts/GameManager.cs
  artifactKey: Guid(bc0d9deb45fa23341ac9e54992a8e55a) Importer(815301076,1909f56bfc062723c751e8b465ee728b)
Start importing Assets/Scripts/GameManager.cs using Guid(bc0d9deb45fa23341ac9e54992a8e55a) Importer(815301076,1909f56bfc062723c751e8b465ee728b)  -> (artifact id: '8f9c45cd16bce18f75b202f3d69f9813') in 0.009275 seconds
  Import took 0.013726 seconds .

========================================================================
Received Import Request.
  Time since last request: 0.001276 seconds.
  path: Assets/Scripts/GameManager.cs
  artifactKey: Guid(bc0d9deb45fa23341ac9e54992a8e55a) Importer(815301076,1909f56bfc062723c751e8b465ee728b)
Start importing Assets/Scripts/GameManager.cs using Guid(bc0d9deb45fa23341ac9e54992a8e55a) Importer(815301076,1909f56bfc062723c751e8b465ee728b)  -> (artifact id: '8f9c45cd16bce18f75b202f3d69f9813') in 0.003366 seconds
  Import took 0.007158 seconds .

========================================================================
Received Prepare
Registering precompiled user dll's ...
Registered in 0.003015 seconds.
Begin MonoManager ReloadAssembly
Native extension for WindowsStandalone target not found
Native extension for WebGL target not found
Refreshing native plugins compatible for Editor in 0.46 ms, found 1 plugins.
Preloading 0 native plugins for Editor in 0.00 ms.
Invoked RoslynAnalysisRunner static constructor.
RoslynAnalysisRunner will not be running.
RoslynAnalysisRunner has terminated.
Mono: successfully reloaded assembly
- Completed reload, in  1.456 seconds
Platform modules already initialized, skipping
Refreshing native plugins compatible for Editor in 0.43 ms, found 1 plugins.
Preloading 0 native plugins for Editor in 0.00 ms.
Unloading 1721 Unused Serialized files (Serialized files now loaded: 0)
System memory in use before: 88.7 MB.
System memory in use after: 88.7 MB.

Unloading 19 unused Assets to reduce memory usage. Loaded Objects now: 2210.
Total: 4.310900 ms (FindLiveObjects: 0.217100 ms CreateObjectMapping: 0.066300 ms MarkObjects: 3.917700 ms  DeleteObjects: 0.108500 ms)

