Using pre-set license
Built from '2020.3/release' branch; Version is '2020.3.1f1 (77a89f25062f) revision 7841951'; Using compiler version '192528614'; Build Type 'Release'
OS: 'Windows 10 Pro; OS build 19043.985; Version 2009; 64bit' Language: 'en' Physical Memory: 24516 MB
BatchMode: 1, IsHumanControllingUs: 0, StartBugReporterOnCrash: 0, Is64bit: 1, IsPro: 0

 COMMAND LINE ARGUMENTS:
C:\Program Files\Unity\Hub\Editor\2020.3.1f1\Editor\Unity.exe
-adb2
-batchMode
-noUpm
-name
AssetImportWorker0
-projectPath
D:/Projects/Assessment_4_Racing_Game/UnityProjectFiles/KartProject
-logFile
Logs/AssetImportWorker0.log
-srvPort
63166
Successfully changed project path to: D:/Projects/Assessment_4_Racing_Game/UnityProjectFiles/KartProject
D:/Projects/Assessment_4_Racing_Game/UnityProjectFiles/KartProject
Using Asset Import Pipeline V2.
Refreshing native plugins compatible for Editor in 55.53 ms, found 1 plugins.
Preloading 0 native plugins for Editor in 0.00 ms.
Initialize engine version: 2020.3.1f1 (77a89f25062f)
[Subsystems] Discovering subsystems at path C:/Program Files/Unity/Hub/Editor/2020.3.1f1/Editor/Data/Resources/UnitySubsystems
[Subsystems] Discovering subsystems at path D:/Projects/Assessment_4_Racing_Game/UnityProjectFiles/KartProject/Assets
GfxDevice: creating device client; threaded=0
Direct3D:
    Version:  Direct3D 11.0 [level 11.1]
    Renderer: NVIDIA GeForce GTX 1060 6GB (ID=0x1c03)
    Vendor:   
    VRAM:     6052 MB
    Driver:   27.21.14.6663
Initialize mono
Mono path[0] = 'C:/Program Files/Unity/Hub/Editor/2020.3.1f1/Editor/Data/Managed'
Mono path[1] = 'C:/Program Files/Unity/Hub/Editor/2020.3.1f1/Editor/Data/MonoBleedingEdge/lib/mono/unityjit'
Mono config path = 'C:/Program Files/Unity/Hub/Editor/2020.3.1f1/Editor/Data/MonoBleedingEdge/etc'
Using monoOptions --debugger-agent=transport=dt_socket,embedding=1,server=y,suspend=n,address=127.0.0.1:56312
Begin MonoManager ReloadAssembly
Registering precompiled unity dll's ...
Register platform support module: C:/Program Files/Unity/Hub/Editor/2020.3.1f1/Editor/Data/PlaybackEngines/WebGLSupport/UnityEditor.WebGL.Extensions.dll
Register platform support module: C:/Program Files/Unity/Hub/Editor/2020.3.1f1/Editor/Data/PlaybackEngines/WindowsStandaloneSupport/UnityEditor.WindowsStandalone.Extensions.dll
Registered in 0.002314 seconds.
Native extension for WindowsStandalone target not found
Native extension for WebGL target not found
Refreshing native plugins compatible for Editor in 50.53 ms, found 1 plugins.
Preloading 0 native plugins for Editor in 0.00 ms.
Invoked RoslynAnalysisRunner static constructor.
RoslynAnalysisRunner will not be running.
RoslynAnalysisRunner has terminated.
Mono: successfully reloaded assembly
- Completed reload, in  2.026 seconds
Platform modules already initialized, skipping
Registering precompiled user dll's ...
Registered in 0.004162 seconds.
Begin MonoManager ReloadAssembly
Native extension for WindowsStandalone target not found
Native extension for WebGL target not found
Refreshing native plugins compatible for Editor in 51.90 ms, found 1 plugins.
Preloading 0 native plugins for Editor in 0.00 ms.
Invoked RoslynAnalysisRunner static constructor.
RoslynAnalysisRunner will not be running.
RoslynAnalysisRunner has terminated.
Mono: successfully reloaded assembly
- Completed reload, in  2.025 seconds
Platform modules already initialized, skipping
========================================================================
Worker process is ready to serve import requests
Launched and connected shader compiler UnityShaderCompiler.exe after 0.04 seconds
Refreshing native plugins compatible for Editor in 0.52 ms, found 1 plugins.
Preloading 0 native plugins for Editor in 0.00 ms.
Unloading 2482 Unused Serialized files (Serialized files now loaded: 0)
System memory in use before: 117.8 MB.
System memory in use after: 117.9 MB.

Unloading 126 unused Assets to reduce memory usage. Loaded Objects now: 2905.
Total: 3.252700 ms (FindLiveObjects: 0.276800 ms CreateObjectMapping: 0.158800 ms MarkObjects: 2.478900 ms  DeleteObjects: 0.336800 ms)

========================================================================
Received Import Request.
  path: Assets/Karting/Scenes/MainScene.unity
  artifactKey: Guid(92786e23da2af4a4f8803aaf44c47121) Importer(815301076,1909f56bfc062723c751e8b465ee728b)
Start importing Assets/Karting/Scenes/MainScene.unity using Guid(92786e23da2af4a4f8803aaf44c47121) Importer(815301076,1909f56bfc062723c751e8b465ee728b)  -> (artifact id: '3dcc9443579465d57f3f5280eed5db85') in 0.029159 seconds
  Import took 0.033487 seconds .

========================================================================
Received Import Request.
  Time since last request: 3.243953 seconds.
  path: Assets/Karting/Scenes/WinScene.unity
  artifactKey: Guid(d6801f2e59f75ee4b919cf5da4e48e3b) Importer(815301076,1909f56bfc062723c751e8b465ee728b)
Start importing Assets/Karting/Scenes/WinScene.unity using Guid(d6801f2e59f75ee4b919cf5da4e48e3b) Importer(815301076,1909f56bfc062723c751e8b465ee728b)  -> (artifact id: '50213ffdb2149cdafe7f6fd65b694ab6') in 0.007240 seconds
  Import took 0.010776 seconds .

========================================================================
Received Import Request.
  Time since last request: 6.885927 seconds.
  path: Assets/Karting/Scenes/GameplayGyms
  artifactKey: Guid(2c8256804c75f476db31bab73f4e734f) Importer(815301076,1909f56bfc062723c751e8b465ee728b)
Start importing Assets/Karting/Scenes/GameplayGyms using Guid(2c8256804c75f476db31bab73f4e734f) Importer(815301076,1909f56bfc062723c751e8b465ee728b)  -> (artifact id: 'e026881e79bb436cb856897e3244ea42') in 0.006877 seconds
  Import took 0.010781 seconds .

========================================================================
Received Import Request.
  Time since last request: 1.705386 seconds.
  path: Assets/Karting/Scenes/GameplayGyms/PhysicsPlayground.unity
  artifactKey: Guid(7559b0c7ad9b04f409f7ca0694bf4ebb) Importer(815301076,1909f56bfc062723c751e8b465ee728b)
Start importing Assets/Karting/Scenes/GameplayGyms/PhysicsPlayground.unity using Guid(7559b0c7ad9b04f409f7ca0694bf4ebb) Importer(815301076,1909f56bfc062723c751e8b465ee728b)  -> (artifact id: '50024e84682dcfd49cb0691de16eed69') in 0.007565 seconds
  Import took 0.011760 seconds .

========================================================================
Received Import Request.
  Time since last request: 0.839737 seconds.
  path: Assets/Karting/Scenes/GameplayGyms/PhysicsPlayground
  artifactKey: Guid(14a1af530f291c042bf65f7d89d96a93) Importer(815301076,1909f56bfc062723c751e8b465ee728b)
Start importing Assets/Karting/Scenes/GameplayGyms/PhysicsPlayground using Guid(14a1af530f291c042bf65f7d89d96a93) Importer(815301076,1909f56bfc062723c751e8b465ee728b)  -> (artifact id: '63915149fea3f2e22e8f6ded9c850e45') in 0.014422 seconds
  Import took 0.019073 seconds .

========================================================================
Received Import Request.
  Time since last request: 0.088211 seconds.
  path: Assets/Karting/Scenes/GameplayGyms/PhysicsPlayground/LightingData.asset
  artifactKey: Guid(8dc38dd3882d4174b952581d3e784de0) Importer(815301076,1909f56bfc062723c751e8b465ee728b)
Start importing Assets/Karting/Scenes/GameplayGyms/PhysicsPlayground/LightingData.asset using Guid(8dc38dd3882d4174b952581d3e784de0) Importer(815301076,1909f56bfc062723c751e8b465ee728b)  -> (artifact id: 'f37a0ce3e0239770d063b10d8bcb8693') in 0.030966 seconds
  Import took 0.035064 seconds .

========================================================================
Received Import Request.
  Time since last request: 0.000335 seconds.
  path: Assets/Karting/Scenes/GameplayGyms/PhysicsPlayground/ReflectionProbe-0.exr
  artifactKey: Guid(f752d7a3ef951a8479b5eb2b2666eed7) Importer(815301076,1909f56bfc062723c751e8b465ee728b)
Start importing Assets/Karting/Scenes/GameplayGyms/PhysicsPlayground/ReflectionProbe-0.exr using Guid(f752d7a3ef951a8479b5eb2b2666eed7) Importer(815301076,1909f56bfc062723c751e8b465ee728b)  -> (artifact id: '1ed07453c89fdc93fa478559e9794db9') in 0.107429 seconds
  Import took 0.111806 seconds .

========================================================================
Received Prepare
Registering precompiled user dll's ...
Registered in 0.003022 seconds.
Begin MonoManager ReloadAssembly
Native extension for WindowsStandalone target not found
Native extension for WebGL target not found
Refreshing native plugins compatible for Editor in 0.64 ms, found 1 plugins.
Preloading 0 native plugins for Editor in 0.00 ms.
Warning: Annotation not found!
UnityEngine.StackTraceUtility:ExtractStackTrace ()
UnityEditor.ProBuilder.EditorUtility:SetGizmoIconEnabled (System.Type,bool) (at Library/PackageCache/com.unity.probuilder@4.5.0/Editor/EditorCore/EditorUtility.cs:593)
UnityEditor.ProBuilder.HierarchyListener:.cctor () (at Library/PackageCache/com.unity.probuilder@4.5.0/Editor/EditorCore/HierarchyListener.cs:21)
System.Runtime.CompilerServices.RuntimeHelpers:RunClassConstructor (System.RuntimeTypeHandle)
UnityEditor.EditorAssemblies:ProcessInitializeOnLoadAttributes (System.Type[])

[Library/PackageCache/com.unity.probuilder@4.5.0/Editor/EditorCore/EditorUtility.cs line 593]

Invoked RoslynAnalysisRunner static constructor.
RoslynAnalysisRunner will not be running.
RoslynAnalysisRunner has terminated.
Mono: successfully reloaded assembly
- Completed reload, in  1.052 seconds
Platform modules already initialized, skipping
Refreshing native plugins compatible for Editor in 1.42 ms, found 1 plugins.
Preloading 0 native plugins for Editor in 0.00 ms.
Unloading 2406 Unused Serialized files (Serialized files now loaded: 0)
System memory in use before: 115.4 MB.
System memory in use after: 115.6 MB.

Unloading 20 unused Assets to reduce memory usage. Loaded Objects now: 2941.
Total: 2.935000 ms (FindLiveObjects: 0.232600 ms CreateObjectMapping: 0.118000 ms MarkObjects: 2.452600 ms  DeleteObjects: 0.130600 ms)

========================================================================
Received Import Request.
  Time since last request: 394.974600 seconds.
  path: Assets/Karting/Scenes/MLTraining
  artifactKey: Guid(2132b0b06e57a5b4eb08d2fb744d38dd) Importer(815301076,1909f56bfc062723c751e8b465ee728b)
Start importing Assets/Karting/Scenes/MLTraining using Guid(2132b0b06e57a5b4eb08d2fb744d38dd) Importer(815301076,1909f56bfc062723c751e8b465ee728b)  -> (artifact id: '942a254a41a39d135e8eef25fac88cf0') in 0.010469 seconds
  Import took 0.015072 seconds .

========================================================================
Received Prepare
Registering precompiled user dll's ...
Registered in 0.003609 seconds.
Begin MonoManager ReloadAssembly
Native extension for WindowsStandalone target not found
Native extension for WebGL target not found
Refreshing native plugins compatible for Editor in 0.56 ms, found 1 plugins.
Preloading 0 native plugins for Editor in 0.00 ms.
Warning: Annotation not found!
UnityEngine.StackTraceUtility:ExtractStackTrace ()
UnityEditor.ProBuilder.EditorUtility:SetGizmoIconEnabled (System.Type,bool) (at Library/PackageCache/com.unity.probuilder@4.5.0/Editor/EditorCore/EditorUtility.cs:593)
UnityEditor.ProBuilder.HierarchyListener:.cctor () (at Library/PackageCache/com.unity.probuilder@4.5.0/Editor/EditorCore/HierarchyListener.cs:21)
System.Runtime.CompilerServices.RuntimeHelpers:RunClassConstructor (System.RuntimeTypeHandle)
UnityEditor.EditorAssemblies:ProcessInitializeOnLoadAttributes (System.Type[])

[Library/PackageCache/com.unity.probuilder@4.5.0/Editor/EditorCore/EditorUtility.cs line 593]

Invoked RoslynAnalysisRunner static constructor.
RoslynAnalysisRunner will not be running.
RoslynAnalysisRunner has terminated.
Mono: successfully reloaded assembly
- Completed reload, in  1.149 seconds
Platform modules already initialized, skipping
Refreshing native plugins compatible for Editor in 0.55 ms, found 1 plugins.
Preloading 0 native plugins for Editor in 0.00 ms.
Unloading 2406 Unused Serialized files (Serialized files now loaded: 0)
System memory in use before: 115.5 MB.
System memory in use after: 115.6 MB.

Unloading 20 unused Assets to reduce memory usage. Loaded Objects now: 2945.
Total: 2.578800 ms (FindLiveObjects: 0.252000 ms CreateObjectMapping: 0.114900 ms MarkObjects: 2.148000 ms  DeleteObjects: 0.063100 ms)

========================================================================
Received Import Request.
  Time since last request: 61.920239 seconds.
  path: Assets/Karting/Scenes/IntroMenu.unity
  artifactKey: Guid(d29260d8d84c94bd7ac95807b3da99d4) Importer(815301076,1909f56bfc062723c751e8b465ee728b)
Start importing Assets/Karting/Scenes/IntroMenu.unity using Guid(d29260d8d84c94bd7ac95807b3da99d4) Importer(815301076,1909f56bfc062723c751e8b465ee728b)  -> (artifact id: 'ba5ade6b952bd32996c4c9132994d039') in 0.011698 seconds
  Import took 0.015784 seconds .

========================================================================
Received Prepare
Registering precompiled user dll's ...
Registered in 0.005779 seconds.
Begin MonoManager ReloadAssembly
Native extension for WindowsStandalone target not found
Native extension for WebGL target not found
Refreshing native plugins compatible for Editor in 0.57 ms, found 1 plugins.
Preloading 0 native plugins for Editor in 0.00 ms.
Warning: Annotation not found!
UnityEngine.StackTraceUtility:ExtractStackTrace ()
UnityEditor.ProBuilder.EditorUtility:SetGizmoIconEnabled (System.Type,bool) (at Library/PackageCache/com.unity.probuilder@4.5.0/Editor/EditorCore/EditorUtility.cs:593)
UnityEditor.ProBuilder.HierarchyListener:.cctor () (at Library/PackageCache/com.unity.probuilder@4.5.0/Editor/EditorCore/HierarchyListener.cs:21)
System.Runtime.CompilerServices.RuntimeHelpers:RunClassConstructor (System.RuntimeTypeHandle)
UnityEditor.EditorAssemblies:ProcessInitializeOnLoadAttributes (System.Type[])

[Library/PackageCache/com.unity.probuilder@4.5.0/Editor/EditorCore/EditorUtility.cs line 593]

Invoked RoslynAnalysisRunner static constructor.
RoslynAnalysisRunner will not be running.
RoslynAnalysisRunner has terminated.
Mono: successfully reloaded assembly
- Completed reload, in  1.058 seconds
Platform modules already initialized, skipping
Refreshing native plugins compatible for Editor in 0.56 ms, found 1 plugins.
Preloading 0 native plugins for Editor in 0.00 ms.
Unloading 2406 Unused Serialized files (Serialized files now loaded: 0)
System memory in use before: 115.5 MB.
System memory in use after: 115.7 MB.

Unloading 20 unused Assets to reduce memory usage. Loaded Objects now: 2949.
Total: 2.720200 ms (FindLiveObjects: 0.248500 ms CreateObjectMapping: 0.110400 ms MarkObjects: 2.296400 ms  DeleteObjects: 0.063600 ms)

========================================================================
Received Prepare
Registering precompiled user dll's ...
Registered in 0.004751 seconds.
Begin MonoManager ReloadAssembly
Native extension for WindowsStandalone target not found
Native extension for WebGL target not found
Refreshing native plugins compatible for Editor in 0.73 ms, found 1 plugins.
Preloading 0 native plugins for Editor in 0.00 ms.
Warning: Annotation not found!
UnityEngine.StackTraceUtility:ExtractStackTrace ()
UnityEditor.ProBuilder.EditorUtility:SetGizmoIconEnabled (System.Type,bool) (at Library/PackageCache/com.unity.probuilder@4.5.0/Editor/EditorCore/EditorUtility.cs:593)
UnityEditor.ProBuilder.HierarchyListener:.cctor () (at Library/PackageCache/com.unity.probuilder@4.5.0/Editor/EditorCore/HierarchyListener.cs:21)
System.Runtime.CompilerServices.RuntimeHelpers:RunClassConstructor (System.RuntimeTypeHandle)
UnityEditor.EditorAssemblies:ProcessInitializeOnLoadAttributes (System.Type[])

[Library/PackageCache/com.unity.probuilder@4.5.0/Editor/EditorCore/EditorUtility.cs line 593]

Invoked RoslynAnalysisRunner static constructor.
RoslynAnalysisRunner will not be running.
RoslynAnalysisRunner has terminated.
Mono: successfully reloaded assembly
- Completed reload, in  1.194 seconds
Platform modules already initialized, skipping
Refreshing native plugins compatible for Editor in 0.54 ms, found 1 plugins.
Preloading 0 native plugins for Editor in 0.00 ms.
Unloading 2406 Unused Serialized files (Serialized files now loaded: 0)
System memory in use before: 115.5 MB.
System memory in use after: 115.7 MB.

Unloading 20 unused Assets to reduce memory usage. Loaded Objects now: 2953.
Total: 3.317700 ms (FindLiveObjects: 0.629500 ms CreateObjectMapping: 0.129700 ms MarkObjects: 2.489400 ms  DeleteObjects: 0.067500 ms)

========================================================================
Received Prepare
Registering precompiled user dll's ...
Registered in 0.002868 seconds.
Begin MonoManager ReloadAssembly
Native extension for WindowsStandalone target not found
Native extension for WebGL target not found
Refreshing native plugins compatible for Editor in 0.50 ms, found 1 plugins.
Preloading 0 native plugins for Editor in 0.00 ms.
Warning: Annotation not found!
UnityEngine.StackTraceUtility:ExtractStackTrace ()
UnityEditor.ProBuilder.EditorUtility:SetGizmoIconEnabled (System.Type,bool) (at Library/PackageCache/com.unity.probuilder@4.5.0/Editor/EditorCore/EditorUtility.cs:593)
UnityEditor.ProBuilder.HierarchyListener:.cctor () (at Library/PackageCache/com.unity.probuilder@4.5.0/Editor/EditorCore/HierarchyListener.cs:21)
System.Runtime.CompilerServices.RuntimeHelpers:RunClassConstructor (System.RuntimeTypeHandle)
UnityEditor.EditorAssemblies:ProcessInitializeOnLoadAttributes (System.Type[])

[Library/PackageCache/com.unity.probuilder@4.5.0/Editor/EditorCore/EditorUtility.cs line 593]

Invoked RoslynAnalysisRunner static constructor.
RoslynAnalysisRunner will not be running.
RoslynAnalysisRunner has terminated.
Mono: successfully reloaded assembly
- Completed reload, in  1.021 seconds
Platform modules already initialized, skipping
Refreshing native plugins compatible for Editor in 0.50 ms, found 1 plugins.
Preloading 0 native plugins for Editor in 0.00 ms.
Unloading 2406 Unused Serialized files (Serialized files now loaded: 0)
System memory in use before: 115.4 MB.
System memory in use after: 115.6 MB.

Unloading 20 unused Assets to reduce memory usage. Loaded Objects now: 2957.
Total: 3.049700 ms (FindLiveObjects: 0.255600 ms CreateObjectMapping: 0.121300 ms MarkObjects: 2.586200 ms  DeleteObjects: 0.085700 ms)

========================================================================
Received Prepare
Registering precompiled user dll's ...
Registered in 0.005716 seconds.
Begin MonoManager ReloadAssembly
Native extension for WindowsStandalone target not found
Native extension for WebGL target not found
Refreshing native plugins compatible for Editor in 0.68 ms, found 1 plugins.
Preloading 0 native plugins for Editor in 0.00 ms.
Warning: Annotation not found!
UnityEngine.StackTraceUtility:ExtractStackTrace ()
UnityEditor.ProBuilder.EditorUtility:SetGizmoIconEnabled (System.Type,bool) (at Library/PackageCache/com.unity.probuilder@4.5.0/Editor/EditorCore/EditorUtility.cs:593)
UnityEditor.ProBuilder.HierarchyListener:.cctor () (at Library/PackageCache/com.unity.probuilder@4.5.0/Editor/EditorCore/HierarchyListener.cs:21)
System.Runtime.CompilerServices.RuntimeHelpers:RunClassConstructor (System.RuntimeTypeHandle)
UnityEditor.EditorAssemblies:ProcessInitializeOnLoadAttributes (System.Type[])

[Library/PackageCache/com.unity.probuilder@4.5.0/Editor/EditorCore/EditorUtility.cs line 593]

Invoked RoslynAnalysisRunner static constructor.
RoslynAnalysisRunner will not be running.
RoslynAnalysisRunner has terminated.
Mono: successfully reloaded assembly
- Completed reload, in  1.429 seconds
Platform modules already initialized, skipping
Refreshing native plugins compatible for Editor in 0.73 ms, found 1 plugins.
Preloading 0 native plugins for Editor in 0.00 ms.
Unloading 2406 Unused Serialized files (Serialized files now loaded: 0)
System memory in use before: 115.5 MB.
System memory in use after: 115.7 MB.

Unloading 20 unused Assets to reduce memory usage. Loaded Objects now: 2961.
Total: 3.419800 ms (FindLiveObjects: 0.381100 ms CreateObjectMapping: 0.169400 ms MarkObjects: 2.647900 ms  DeleteObjects: 0.219700 ms)

========================================================================
Received Import Request.
  Time since last request: 1791.085920 seconds.
  path: Assets/Mod Assets/ModResources/Textures/billboard_2D_basic.png
  artifactKey: Guid(6448011b459a14b05969ad3bf1a44890) Importer(815301076,1909f56bfc062723c751e8b465ee728b)
Start importing Assets/Mod Assets/ModResources/Textures/billboard_2D_basic.png using Guid(6448011b459a14b05969ad3bf1a44890) Importer(815301076,1909f56bfc062723c751e8b465ee728b)  -> (artifact id: '27b3f05031d72f7ea1aefc2631463e5f') in 0.095927 seconds
  Import took 0.101780 seconds .

========================================================================
Received Import Request.
  Time since last request: 0.000183 seconds.
  path: Assets/Karting/Art/Textures/UI/TEX_White_16x16.png
  artifactKey: Guid(c3eae15dc9a8d47b88160efa4618af4e) Importer(815301076,1909f56bfc062723c751e8b465ee728b)
Start importing Assets/Karting/Art/Textures/UI/TEX_White_16x16.png using Guid(c3eae15dc9a8d47b88160efa4618af4e) Importer(815301076,1909f56bfc062723c751e8b465ee728b)  -> (artifact id: '980b6dcbfcb755c148d7122bdbd9c762') in 0.017266 seconds
  Import took 0.024123 seconds .

========================================================================
Received Import Request.
  Time since last request: 0.000191 seconds.
  path: Assets/Mod Assets/ModResources/Textures/billboard_2D_basic_mask.png
  artifactKey: Guid(ddff50e8139db4a99976adb5f40c79f0) Importer(815301076,1909f56bfc062723c751e8b465ee728b)
Start importing Assets/Mod Assets/ModResources/Textures/billboard_2D_basic_mask.png using Guid(ddff50e8139db4a99976adb5f40c79f0) Importer(815301076,1909f56bfc062723c751e8b465ee728b)  -> (artifact id: '24ae9bc3ea198c7b6a4a414e3b9757d2') in 0.011392 seconds
  Import took 0.015738 seconds .

========================================================================
Received Import Request.
  Time since last request: 0.000175 seconds.
  path: Assets/Mod Assets/ModResources/Textures/billboard_2D_tall_mask.png
  artifactKey: Guid(bbe8d33a81a0549ce8ab1cee4aa7db2a) Importer(815301076,1909f56bfc062723c751e8b465ee728b)
Start importing Assets/Mod Assets/ModResources/Textures/billboard_2D_tall_mask.png using Guid(bbe8d33a81a0549ce8ab1cee4aa7db2a) Importer(815301076,1909f56bfc062723c751e8b465ee728b)  -> (artifact id: '41ee81252eade17da6b37a65e58c9f4a') in 0.012523 seconds
  Import took 0.018770 seconds .

========================================================================
Received Import Request.
  Time since last request: 0.000169 seconds.
  path: Assets/Karting/Art/Textures/UI/Gradiants.png
  artifactKey: Guid(69a090905eb8e8540b8a413214c097fb) Importer(815301076,1909f56bfc062723c751e8b465ee728b)
Start importing Assets/Karting/Art/Textures/UI/Gradiants.png using Guid(69a090905eb8e8540b8a413214c097fb) Importer(815301076,1909f56bfc062723c751e8b465ee728b)  -> (artifact id: '1531bff7a80f0653ab3d8977b30e3cd4') in 0.010371 seconds
  Import took 0.014407 seconds .

========================================================================
Received Import Request.
  Time since last request: 0.000163 seconds.
  path: Assets/Mod Assets/ModResources/UIImages/whiteCircle.png
  artifactKey: Guid(9a25f905d041b46a7837db8a10bb8581) Importer(815301076,1909f56bfc062723c751e8b465ee728b)
Start importing Assets/Mod Assets/ModResources/UIImages/whiteCircle.png using Guid(9a25f905d041b46a7837db8a10bb8581) Importer(815301076,1909f56bfc062723c751e8b465ee728b)  -> (artifact id: '6737237d1e7d6e130c07cea1b496d112') in 0.014518 seconds
  Import took 0.018850 seconds .

========================================================================
Received Import Request.
  Time since last request: 0.000159 seconds.
  path: Assets/Karting/Art/Textures/UI/CloseBtn_Icon.png
  artifactKey: Guid(ed918747b629f41a2ac644a5596f15a9) Importer(815301076,1909f56bfc062723c751e8b465ee728b)
Start importing Assets/Karting/Art/Textures/UI/CloseBtn_Icon.png using Guid(ed918747b629f41a2ac644a5596f15a9) Importer(815301076,1909f56bfc062723c751e8b465ee728b)  -> (artifact id: '2d7789946a66089945d9b09b5f74dfe2') in 0.013765 seconds
  Import took 0.017733 seconds .

========================================================================
Received Import Request.
  Time since last request: 0.000156 seconds.
  path: Assets/Mod Assets/ModResources/Textures/billboard_2D_tall.png
  artifactKey: Guid(50b2c32ff3de94988a61633cb19060de) Importer(815301076,1909f56bfc062723c751e8b465ee728b)
Start importing Assets/Mod Assets/ModResources/Textures/billboard_2D_tall.png using Guid(50b2c32ff3de94988a61633cb19060de) Importer(815301076,1909f56bfc062723c751e8b465ee728b)  -> (artifact id: 'bc85b7c4f737af9345ea1e01e4002396') in 0.012949 seconds
  Import took 0.018774 seconds .

========================================================================
Received Import Request.
  Time since last request: 0.000174 seconds.
  path: Assets/Karting/Art/Textures/UI/Notification_MainObj_Icon.png
  artifactKey: Guid(65fd26883529a5f4db44ea16cf925e82) Importer(815301076,1909f56bfc062723c751e8b465ee728b)
Start importing Assets/Karting/Art/Textures/UI/Notification_MainObj_Icon.png using Guid(65fd26883529a5f4db44ea16cf925e82) Importer(815301076,1909f56bfc062723c751e8b465ee728b)  -> (artifact id: '2ad2417804fe1549e3d93f58ebcff442') in 0.012077 seconds
  Import took 0.016122 seconds .

========================================================================
Received Import Request.
  Time since last request: 0.000160 seconds.
  path: Assets/Mod Assets/ModResources/Textures/billboard_2D_wide_mask.png
  artifactKey: Guid(d88311d2ea92740ed9e0274f02825ccf) Importer(815301076,1909f56bfc062723c751e8b465ee728b)
Start importing Assets/Mod Assets/ModResources/Textures/billboard_2D_wide_mask.png using Guid(d88311d2ea92740ed9e0274f02825ccf) Importer(815301076,1909f56bfc062723c751e8b465ee728b)  -> (artifact id: '801706eb38af3f886d74ce3fe6e4e287') in 0.011781 seconds
  Import took 0.016111 seconds .

========================================================================
Received Import Request.
  Time since last request: 0.000144 seconds.
  path: Assets/Mod Assets/ModResources/Textures/billboard_2D_wide.png
  artifactKey: Guid(3142e986a20354e5c9b3394e5ff7ae12) Importer(815301076,1909f56bfc062723c751e8b465ee728b)
Start importing Assets/Mod Assets/ModResources/Textures/billboard_2D_wide.png using Guid(3142e986a20354e5c9b3394e5ff7ae12) Importer(815301076,1909f56bfc062723c751e8b465ee728b)  -> (artifact id: '1f5f14bec363ad69e54c9ef50596113b') in 0.010720 seconds
  Import took 0.014397 seconds .

========================================================================
Received Import Request.
  Time since last request: 0.000152 seconds.
  path: Assets/Karting/Art/Textures/UI/Notification_Enemy_Icon.png
  artifactKey: Guid(f508c28b9e2b993418fa54db9c535ae9) Importer(815301076,1909f56bfc062723c751e8b465ee728b)
Start importing Assets/Karting/Art/Textures/UI/Notification_Enemy_Icon.png using Guid(f508c28b9e2b993418fa54db9c535ae9) Importer(815301076,1909f56bfc062723c751e8b465ee728b)  -> (artifact id: 'c57d35c0a83bb8ad4eb778644304d56a') in 0.009490 seconds
  Import took 0.013345 seconds .

========================================================================
Received Import Request.
  Time since last request: 0.000157 seconds.
  path: Assets/Karting/Art/Textures/UI/ControlScheme_PopUp.png
  artifactKey: Guid(30a6cb445876148a8bfd40d21f59ee90) Importer(815301076,1909f56bfc062723c751e8b465ee728b)
Start importing Assets/Karting/Art/Textures/UI/ControlScheme_PopUp.png using Guid(30a6cb445876148a8bfd40d21f59ee90) Importer(815301076,1909f56bfc062723c751e8b465ee728b)  -> (artifact id: 'dfa61c6e2abeb82b6db104ed03048254') in 0.022377 seconds
  Import took 0.026803 seconds .

========================================================================
Received Prepare
Registering precompiled user dll's ...
Registered in 0.002831 seconds.
Begin MonoManager ReloadAssembly
Native extension for WindowsStandalone target not found
Native extension for WebGL target not found
Refreshing native plugins compatible for Editor in 0.57 ms, found 1 plugins.
Preloading 0 native plugins for Editor in 0.00 ms.
Warning: Annotation not found!
UnityEngine.StackTraceUtility:ExtractStackTrace ()
UnityEditor.ProBuilder.EditorUtility:SetGizmoIconEnabled (System.Type,bool) (at Library/PackageCache/com.unity.probuilder@4.5.0/Editor/EditorCore/EditorUtility.cs:593)
UnityEditor.ProBuilder.HierarchyListener:.cctor () (at Library/PackageCache/com.unity.probuilder@4.5.0/Editor/EditorCore/HierarchyListener.cs:21)
System.Runtime.CompilerServices.RuntimeHelpers:RunClassConstructor (System.RuntimeTypeHandle)
UnityEditor.EditorAssemblies:ProcessInitializeOnLoadAttributes (System.Type[])

[Library/PackageCache/com.unity.probuilder@4.5.0/Editor/EditorCore/EditorUtility.cs line 593]

Invoked RoslynAnalysisRunner static constructor.
RoslynAnalysisRunner will not be running.
RoslynAnalysisRunner has terminated.
Mono: successfully reloaded assembly
- Completed reload, in  1.062 seconds
Platform modules already initialized, skipping
Refreshing native plugins compatible for Editor in 0.55 ms, found 1 plugins.
Preloading 0 native plugins for Editor in 0.00 ms.
Unloading 2406 Unused Serialized files (Serialized files now loaded: 0)
System memory in use before: 115.6 MB.
System memory in use after: 115.8 MB.

Unloading 20 unused Assets to reduce memory usage. Loaded Objects now: 2980.
Total: 2.752600 ms (FindLiveObjects: 0.307600 ms CreateObjectMapping: 0.184000 ms MarkObjects: 2.165400 ms  DeleteObjects: 0.094600 ms)

========================================================================
Received Prepare
Registering precompiled user dll's ...
Registered in 0.002910 seconds.
Begin MonoManager ReloadAssembly
Native extension for WindowsStandalone target not found
Native extension for WebGL target not found
Refreshing native plugins compatible for Editor in 0.49 ms, found 1 plugins.
Preloading 0 native plugins for Editor in 0.00 ms.
Warning: Annotation not found!
UnityEngine.StackTraceUtility:ExtractStackTrace ()
UnityEditor.ProBuilder.EditorUtility:SetGizmoIconEnabled (System.Type,bool) (at Library/PackageCache/com.unity.probuilder@4.5.0/Editor/EditorCore/EditorUtility.cs:593)
UnityEditor.ProBuilder.HierarchyListener:.cctor () (at Library/PackageCache/com.unity.probuilder@4.5.0/Editor/EditorCore/HierarchyListener.cs:21)
System.Runtime.CompilerServices.RuntimeHelpers:RunClassConstructor (System.RuntimeTypeHandle)
UnityEditor.EditorAssemblies:ProcessInitializeOnLoadAttributes (System.Type[])

[Library/PackageCache/com.unity.probuilder@4.5.0/Editor/EditorCore/EditorUtility.cs line 593]

Invoked RoslynAnalysisRunner static constructor.
RoslynAnalysisRunner will not be running.
RoslynAnalysisRunner has terminated.
Mono: successfully reloaded assembly
- Completed reload, in  0.966 seconds
Platform modules already initialized, skipping
Refreshing native plugins compatible for Editor in 0.56 ms, found 1 plugins.
Preloading 0 native plugins for Editor in 0.00 ms.
Unloading 2406 Unused Serialized files (Serialized files now loaded: 0)
System memory in use before: 115.6 MB.
System memory in use after: 115.8 MB.

Unloading 20 unused Assets to reduce memory usage. Loaded Objects now: 2984.
Total: 2.729500 ms (FindLiveObjects: 0.248800 ms CreateObjectMapping: 0.117100 ms MarkObjects: 2.274400 ms  DeleteObjects: 0.088400 ms)

========================================================================
Received Prepare
Registering precompiled user dll's ...
Registered in 0.002813 seconds.
Begin MonoManager ReloadAssembly
Native extension for WindowsStandalone target not found
Native extension for WebGL target not found
Refreshing native plugins compatible for Editor in 0.50 ms, found 1 plugins.
Preloading 0 native plugins for Editor in 0.00 ms.
Warning: Annotation not found!
UnityEngine.StackTraceUtility:ExtractStackTrace ()
UnityEditor.ProBuilder.EditorUtility:SetGizmoIconEnabled (System.Type,bool) (at Library/PackageCache/com.unity.probuilder@4.5.0/Editor/EditorCore/EditorUtility.cs:593)
UnityEditor.ProBuilder.HierarchyListener:.cctor () (at Library/PackageCache/com.unity.probuilder@4.5.0/Editor/EditorCore/HierarchyListener.cs:21)
System.Runtime.CompilerServices.RuntimeHelpers:RunClassConstructor (System.RuntimeTypeHandle)
UnityEditor.EditorAssemblies:ProcessInitializeOnLoadAttributes (System.Type[])

[Library/PackageCache/com.unity.probuilder@4.5.0/Editor/EditorCore/EditorUtility.cs line 593]

Invoked RoslynAnalysisRunner static constructor.
RoslynAnalysisRunner will not be running.
RoslynAnalysisRunner has terminated.
Mono: successfully reloaded assembly
- Completed reload, in  0.987 seconds
Platform modules already initialized, skipping
Refreshing native plugins compatible for Editor in 0.54 ms, found 1 plugins.
Preloading 0 native plugins for Editor in 0.00 ms.
Unloading 2406 Unused Serialized files (Serialized files now loaded: 0)
System memory in use before: 115.6 MB.
System memory in use after: 115.8 MB.

Unloading 20 unused Assets to reduce memory usage. Loaded Objects now: 2988.
Total: 3.072900 ms (FindLiveObjects: 0.252100 ms CreateObjectMapping: 0.128900 ms MarkObjects: 2.608200 ms  DeleteObjects: 0.082300 ms)

========================================================================
Received Prepare
Registering precompiled user dll's ...
Registered in 0.003022 seconds.
Begin MonoManager ReloadAssembly
Native extension for WindowsStandalone target not found
Native extension for WebGL target not found
Refreshing native plugins compatible for Editor in 0.51 ms, found 1 plugins.
Preloading 0 native plugins for Editor in 0.00 ms.
Warning: Annotation not found!
UnityEngine.StackTraceUtility:ExtractStackTrace ()
UnityEditor.ProBuilder.EditorUtility:SetGizmoIconEnabled (System.Type,bool) (at Library/PackageCache/com.unity.probuilder@4.5.0/Editor/EditorCore/EditorUtility.cs:593)
UnityEditor.ProBuilder.HierarchyListener:.cctor () (at Library/PackageCache/com.unity.probuilder@4.5.0/Editor/EditorCore/HierarchyListener.cs:21)
System.Runtime.CompilerServices.RuntimeHelpers:RunClassConstructor (System.RuntimeTypeHandle)
UnityEditor.EditorAssemblies:ProcessInitializeOnLoadAttributes (System.Type[])

[Library/PackageCache/com.unity.probuilder@4.5.0/Editor/EditorCore/EditorUtility.cs line 593]

Invoked RoslynAnalysisRunner static constructor.
RoslynAnalysisRunner will not be running.
RoslynAnalysisRunner has terminated.
Mono: successfully reloaded assembly
- Completed reload, in  0.948 seconds
Platform modules already initialized, skipping
Refreshing native plugins compatible for Editor in 0.66 ms, found 1 plugins.
Preloading 0 native plugins for Editor in 0.00 ms.
Unloading 2406 Unused Serialized files (Serialized files now loaded: 0)
System memory in use before: 115.5 MB.
System memory in use after: 115.7 MB.

Unloading 20 unused Assets to reduce memory usage. Loaded Objects now: 2992.
Total: 2.803700 ms (FindLiveObjects: 0.245800 ms CreateObjectMapping: 0.110800 ms MarkObjects: 2.351800 ms  DeleteObjects: 0.094300 ms)

========================================================================
Received Prepare
Registering precompiled user dll's ...
Registered in 0.003113 seconds.
Begin MonoManager ReloadAssembly
Native extension for WindowsStandalone target not found
Native extension for WebGL target not found
Refreshing native plugins compatible for Editor in 0.61 ms, found 1 plugins.
Preloading 0 native plugins for Editor in 0.00 ms.
Warning: Annotation not found!
UnityEngine.StackTraceUtility:ExtractStackTrace ()
UnityEditor.ProBuilder.EditorUtility:SetGizmoIconEnabled (System.Type,bool) (at Library/PackageCache/com.unity.probuilder@4.5.0/Editor/EditorCore/EditorUtility.cs:593)
UnityEditor.ProBuilder.HierarchyListener:.cctor () (at Library/PackageCache/com.unity.probuilder@4.5.0/Editor/EditorCore/HierarchyListener.cs:21)
System.Runtime.CompilerServices.RuntimeHelpers:RunClassConstructor (System.RuntimeTypeHandle)
UnityEditor.EditorAssemblies:ProcessInitializeOnLoadAttributes (System.Type[])

[Library/PackageCache/com.unity.probuilder@4.5.0/Editor/EditorCore/EditorUtility.cs line 593]

Invoked RoslynAnalysisRunner static constructor.
RoslynAnalysisRunner will not be running.
RoslynAnalysisRunner has terminated.
Mono: successfully reloaded assembly
- Completed reload, in  0.942 seconds
Platform modules already initialized, skipping
Refreshing native plugins compatible for Editor in 0.51 ms, found 1 plugins.
Preloading 0 native plugins for Editor in 0.00 ms.
Unloading 2406 Unused Serialized files (Serialized files now loaded: 0)
System memory in use before: 115.6 MB.
System memory in use after: 115.8 MB.

Unloading 20 unused Assets to reduce memory usage. Loaded Objects now: 2996.
Total: 2.665000 ms (FindLiveObjects: 0.221000 ms CreateObjectMapping: 0.102000 ms MarkObjects: 2.247000 ms  DeleteObjects: 0.094300 ms)

========================================================================
Received Import Request.
  Time since last request: 863.547256 seconds.
  path: Assets/Scene/Track 1.unity
  artifactKey: Guid(0c040aec830927a44815aba9b4c82399) Importer(815301076,1909f56bfc062723c751e8b465ee728b)
Start importing Assets/Scene/Track 1.unity using Guid(0c040aec830927a44815aba9b4c82399) Importer(815301076,1909f56bfc062723c751e8b465ee728b)  -> (artifact id: 'ca185f99465942d543c63fb252491ce6') in 0.010131 seconds
  Import took 0.013864 seconds .

========================================================================
Received Import Request.
  Time since last request: 2.843608 seconds.
  path: Assets/Models/TestCart.fbx
  artifactKey: Guid(3786570d0b8d602438fe97a85680a3a2) Importer(815301076,1909f56bfc062723c751e8b465ee728b)
Start importing Assets/Models/TestCart.fbx using Guid(3786570d0b8d602438fe97a85680a3a2) Importer(815301076,1909f56bfc062723c751e8b465ee728b)  -> (artifact id: 'b37cf800d67303be5c088bc0b38b2eed') in 0.126961 seconds
  Import took 0.131119 seconds .

========================================================================
Received Import Request.
  Time since last request: 0.000270 seconds.
  path: Assets/Models/Track 1.fbx
  artifactKey: Guid(ddc47f8ddadb23146bbf1d1ea73e9daf) Importer(815301076,1909f56bfc062723c751e8b465ee728b)
Start importing Assets/Models/Track 1.fbx using Guid(ddc47f8ddadb23146bbf1d1ea73e9daf) Importer(815301076,1909f56bfc062723c751e8b465ee728b)  -> (artifact id: '415f672ed7e3e5a170bef092f49efdc6') in 0.021321 seconds
  Import took 0.025141 seconds .

========================================================================
Received Import Request.
  Time since last request: 0.000267 seconds.
  path: Assets/Models/Track 2.fbx
  artifactKey: Guid(fc86f0adcd6d08143be5c95208dbf64f) Importer(815301076,1909f56bfc062723c751e8b465ee728b)
Start importing Assets/Models/Track 2.fbx using Guid(fc86f0adcd6d08143be5c95208dbf64f) Importer(815301076,1909f56bfc062723c751e8b465ee728b)  -> (artifact id: 'e6bdd387ed1ce83c6ba2cee032fc1b4b') in 0.070755 seconds
  Import took 0.075701 seconds .

========================================================================
Received Import Request.
  Time since last request: 0.000253 seconds.
  path: Assets/Models/Track 3.fbx
  artifactKey: Guid(43c73f5d70a0d994c879336dad695bea) Importer(815301076,1909f56bfc062723c751e8b465ee728b)
Start importing Assets/Models/Track 3.fbx using Guid(43c73f5d70a0d994c879336dad695bea) Importer(815301076,1909f56bfc062723c751e8b465ee728b)  -> (artifact id: '8d07e1f122bd46602f45f099956cd0ee') in 0.050022 seconds
  Import took 0.054170 seconds .

========================================================================
Received Prepare
Registering precompiled user dll's ...
Registered in 0.003204 seconds.
Begin MonoManager ReloadAssembly
Native extension for WindowsStandalone target not found
Native extension for WebGL target not found
Refreshing native plugins compatible for Editor in 0.51 ms, found 1 plugins.
Preloading 0 native plugins for Editor in 0.00 ms.
Warning: Annotation not found!
UnityEngine.StackTraceUtility:ExtractStackTrace ()
UnityEditor.ProBuilder.EditorUtility:SetGizmoIconEnabled (System.Type,bool) (at Library/PackageCache/com.unity.probuilder@4.5.0/Editor/EditorCore/EditorUtility.cs:593)
UnityEditor.ProBuilder.HierarchyListener:.cctor () (at Library/PackageCache/com.unity.probuilder@4.5.0/Editor/EditorCore/HierarchyListener.cs:21)
System.Runtime.CompilerServices.RuntimeHelpers:RunClassConstructor (System.RuntimeTypeHandle)
UnityEditor.EditorAssemblies:ProcessInitializeOnLoadAttributes (System.Type[])

[Library/PackageCache/com.unity.probuilder@4.5.0/Editor/EditorCore/EditorUtility.cs line 593]

Invoked RoslynAnalysisRunner static constructor.
RoslynAnalysisRunner will not be running.
RoslynAnalysisRunner has terminated.
Mono: successfully reloaded assembly
- Completed reload, in  1.023 seconds
Platform modules already initialized, skipping
Refreshing native plugins compatible for Editor in 0.66 ms, found 1 plugins.
Preloading 0 native plugins for Editor in 0.00 ms.
Unloading 2406 Unused Serialized files (Serialized files now loaded: 0)
System memory in use before: 115.9 MB.
System memory in use after: 116.1 MB.

Unloading 20 unused Assets to reduce memory usage. Loaded Objects now: 3014.
Total: 2.645400 ms (FindLiveObjects: 0.251200 ms CreateObjectMapping: 0.115100 ms MarkObjects: 2.186900 ms  DeleteObjects: 0.091300 ms)

========================================================================
Received Import Request.
  Time since last request: 11.070996 seconds.
  path: Assets/Models/Track 1.fbx
  artifactKey: Guid(ddc47f8ddadb23146bbf1d1ea73e9daf) Importer(815301076,1909f56bfc062723c751e8b465ee728b)
Start importing Assets/Models/Track 1.fbx using Guid(ddc47f8ddadb23146bbf1d1ea73e9daf) Importer(815301076,1909f56bfc062723c751e8b465ee728b)  -> (artifact id: '489fba533d2c92a61e0c9e6d01ba208d') in 0.070611 seconds
  Import took 0.074380 seconds .

========================================================================
Received Import Request.
  Time since last request: 0.000245 seconds.
  path: Assets/Models/Track 2.fbx
  artifactKey: Guid(fc86f0adcd6d08143be5c95208dbf64f) Importer(815301076,1909f56bfc062723c751e8b465ee728b)
Start importing Assets/Models/Track 2.fbx using Guid(fc86f0adcd6d08143be5c95208dbf64f) Importer(815301076,1909f56bfc062723c751e8b465ee728b)  -> (artifact id: 'be338810c6df831a2a56cca975c58b8e') in 0.046492 seconds
  Import took 0.050010 seconds .

========================================================================
Received Import Request.
  Time since last request: 0.000208 seconds.
  path: Assets/Models/Track 3.fbx
  artifactKey: Guid(43c73f5d70a0d994c879336dad695bea) Importer(815301076,1909f56bfc062723c751e8b465ee728b)
Start importing Assets/Models/Track 3.fbx using Guid(43c73f5d70a0d994c879336dad695bea) Importer(815301076,1909f56bfc062723c751e8b465ee728b)  -> (artifact id: '44a9adfc578af68db0cfef00a70b2d51') in 0.046901 seconds
  Import took 0.050541 seconds .

========================================================================
Received Import Request.
  Time since last request: 179.515097 seconds.
  path: Assets/Models/Track 1.fbx
  artifactKey: Guid(ddc47f8ddadb23146bbf1d1ea73e9daf) Importer(815301076,1909f56bfc062723c751e8b465ee728b)
Start importing Assets/Models/Track 1.fbx using Guid(ddc47f8ddadb23146bbf1d1ea73e9daf) Importer(815301076,1909f56bfc062723c751e8b465ee728b)  -> (artifact id: 'e3f56e6ce94d5db493a53dd33052dec2') in 0.018510 seconds
  Import took 0.025304 seconds .

========================================================================
Received Import Request.
  Time since last request: 0.000246 seconds.
  path: Assets/Models/Track 2.fbx
  artifactKey: Guid(fc86f0adcd6d08143be5c95208dbf64f) Importer(815301076,1909f56bfc062723c751e8b465ee728b)
Start importing Assets/Models/Track 2.fbx using Guid(fc86f0adcd6d08143be5c95208dbf64f) Importer(815301076,1909f56bfc062723c751e8b465ee728b)  -> (artifact id: '69d0edfb4b4c86653d21914a4321ada2') in 0.048222 seconds
  Import took 0.052845 seconds .

========================================================================
Received Import Request.
  Time since last request: 0.000237 seconds.
  path: Assets/Models/Track 3.fbx
  artifactKey: Guid(43c73f5d70a0d994c879336dad695bea) Importer(815301076,1909f56bfc062723c751e8b465ee728b)
Start importing Assets/Models/Track 3.fbx using Guid(43c73f5d70a0d994c879336dad695bea) Importer(815301076,1909f56bfc062723c751e8b465ee728b)  -> (artifact id: '316e8f6640f0e24bfc8db2c92f93fa27') in 0.048053 seconds
  Import took 0.052479 seconds .

========================================================================
Received Prepare
Registering precompiled user dll's ...
Registered in 0.003381 seconds.
Begin MonoManager ReloadAssembly
Native extension for WindowsStandalone target not found
Native extension for WebGL target not found
Refreshing native plugins compatible for Editor in 0.61 ms, found 1 plugins.
Preloading 0 native plugins for Editor in 0.00 ms.
Warning: Annotation not found!
UnityEngine.StackTraceUtility:ExtractStackTrace ()
UnityEditor.ProBuilder.EditorUtility:SetGizmoIconEnabled (System.Type,bool) (at Library/PackageCache/com.unity.probuilder@4.5.0/Editor/EditorCore/EditorUtility.cs:593)
UnityEditor.ProBuilder.HierarchyListener:.cctor () (at Library/PackageCache/com.unity.probuilder@4.5.0/Editor/EditorCore/HierarchyListener.cs:21)
System.Runtime.CompilerServices.RuntimeHelpers:RunClassConstructor (System.RuntimeTypeHandle)
UnityEditor.EditorAssemblies:ProcessInitializeOnLoadAttributes (System.Type[])

[Library/PackageCache/com.unity.probuilder@4.5.0/Editor/EditorCore/EditorUtility.cs line 593]

Invoked RoslynAnalysisRunner static constructor.
RoslynAnalysisRunner will not be running.
RoslynAnalysisRunner has terminated.
Mono: successfully reloaded assembly
- Completed reload, in  0.996 seconds
Platform modules already initialized, skipping
Refreshing native plugins compatible for Editor in 0.66 ms, found 1 plugins.
Preloading 0 native plugins for Editor in 0.00 ms.
Unloading 2406 Unused Serialized files (Serialized files now loaded: 0)
System memory in use before: 115.9 MB.
System memory in use after: 116.1 MB.

Unloading 20 unused Assets to reduce memory usage. Loaded Objects now: 3019.
Total: 2.687900 ms (FindLiveObjects: 0.236300 ms CreateObjectMapping: 0.113500 ms MarkObjects: 2.245500 ms  DeleteObjects: 0.091900 ms)

