Using pre-set license
Built from '2020.3/release' branch; Version is '2020.3.1f1 (77a89f25062f) revision 7841951'; Using compiler version '192528614'; Build Type 'Release'
OS: 'Windows 10 Pro; OS build 19043.1052; Version 2009; 64bit' Language: 'en' Physical Memory: 24516 MB
BatchMode: 1, IsHumanControllingUs: 0, StartBugReporterOnCrash: 0, Is64bit: 1, IsPro: 0

 COMMAND LINE ARGUMENTS:
C:\Program Files\Unity\Hub\Editor\2020.3.1f1\Editor\Unity.exe
-adb2
-batchMode
-noUpm
-name
AssetImportWorker0
-projectPath
D:/Projects/Assessment_4_Racing_Game/UnityProjectFiles/KartProject
-logFile
Logs/AssetImportWorker0.log
-srvPort
61839
Successfully changed project path to: D:/Projects/Assessment_4_Racing_Game/UnityProjectFiles/KartProject
D:/Projects/Assessment_4_Racing_Game/UnityProjectFiles/KartProject
Using Asset Import Pipeline V2.
Refreshing native plugins compatible for Editor in 56.29 ms, found 1 plugins.
Preloading 0 native plugins for Editor in 0.00 ms.
Initialize engine version: 2020.3.1f1 (77a89f25062f)
[Subsystems] Discovering subsystems at path C:/Program Files/Unity/Hub/Editor/2020.3.1f1/Editor/Data/Resources/UnitySubsystems
[Subsystems] Discovering subsystems at path D:/Projects/Assessment_4_Racing_Game/UnityProjectFiles/KartProject/Assets
GfxDevice: creating device client; threaded=0
Direct3D:
    Version:  Direct3D 11.0 [level 11.1]
    Renderer: NVIDIA GeForce GTX 1060 6GB (ID=0x1c03)
    Vendor:   
    VRAM:     6052 MB
    Driver:   27.21.14.6677
Initialize mono
Mono path[0] = 'C:/Program Files/Unity/Hub/Editor/2020.3.1f1/Editor/Data/Managed'
Mono path[1] = 'C:/Program Files/Unity/Hub/Editor/2020.3.1f1/Editor/Data/MonoBleedingEdge/lib/mono/unityjit'
Mono config path = 'C:/Program Files/Unity/Hub/Editor/2020.3.1f1/Editor/Data/MonoBleedingEdge/etc'
Using monoOptions --debugger-agent=transport=dt_socket,embedding=1,server=y,suspend=n,address=127.0.0.1:56696
Begin MonoManager ReloadAssembly
Registering precompiled unity dll's ...
Register platform support module: C:/Program Files/Unity/Hub/Editor/2020.3.1f1/Editor/Data/PlaybackEngines/WebGLSupport/UnityEditor.WebGL.Extensions.dll
Register platform support module: C:/Program Files/Unity/Hub/Editor/2020.3.1f1/Editor/Data/PlaybackEngines/WindowsStandaloneSupport/UnityEditor.WindowsStandalone.Extensions.dll
Registered in 0.003248 seconds.
Native extension for WindowsStandalone target not found
Native extension for WebGL target not found
Refreshing native plugins compatible for Editor in 49.85 ms, found 1 plugins.
Preloading 0 native plugins for Editor in 0.00 ms.
Invoked RoslynAnalysisRunner static constructor.
RoslynAnalysisRunner will not be running.
RoslynAnalysisRunner has terminated.
Mono: successfully reloaded assembly
- Completed reload, in  2.192 seconds
Platform modules already initialized, skipping
Registering precompiled user dll's ...
Registered in 0.003237 seconds.
Begin MonoManager ReloadAssembly
Native extension for WindowsStandalone target not found
Native extension for WebGL target not found
Refreshing native plugins compatible for Editor in 51.58 ms, found 1 plugins.
Preloading 0 native plugins for Editor in 0.00 ms.
Invoked RoslynAnalysisRunner static constructor.
RoslynAnalysisRunner will not be running.
RoslynAnalysisRunner has terminated.
Mono: successfully reloaded assembly
- Completed reload, in  1.896 seconds
Platform modules already initialized, skipping
========================================================================
Worker process is ready to serve import requests
Launched and connected shader compiler UnityShaderCompiler.exe after 0.06 seconds
Refreshing native plugins compatible for Editor in 0.52 ms, found 1 plugins.
Preloading 0 native plugins for Editor in 0.00 ms.
Unloading 2485 Unused Serialized files (Serialized files now loaded: 0)
System memory in use before: 118.1 MB.
System memory in use after: 118.2 MB.

Unloading 126 unused Assets to reduce memory usage. Loaded Objects now: 2913.
Total: 4.458100 ms (FindLiveObjects: 0.594200 ms CreateObjectMapping: 0.334100 ms MarkObjects: 3.346800 ms  DeleteObjects: 0.181200 ms)

========================================================================
Received Import Request.
  path: Assets/Scene/Track 3.unity
  artifactKey: Guid(3b5c50e5dafba804fb409613bf55da53) Importer(815301076,1909f56bfc062723c751e8b465ee728b)
Start importing Assets/Scene/Track 3.unity using Guid(3b5c50e5dafba804fb409613bf55da53) Importer(815301076,1909f56bfc062723c751e8b465ee728b)  -> (artifact id: '41192ec49ca959aadc69abf15c745dac') in 0.013448 seconds
  Import took 0.017919 seconds .

========================================================================
Received Import Request.
  Time since last request: 0.003353 seconds.
  path: Assets/Scene/Track 3.unity
  artifactKey: Guid(3b5c50e5dafba804fb409613bf55da53) Importer(815301076,1909f56bfc062723c751e8b465ee728b)
Start importing Assets/Scene/Track 3.unity using Guid(3b5c50e5dafba804fb409613bf55da53) Importer(815301076,1909f56bfc062723c751e8b465ee728b)  -> (artifact id: '41192ec49ca959aadc69abf15c745dac') in 0.001981 seconds
  Import took 0.005559 seconds .

========================================================================
Received Import Request.
  Time since last request: 7856.083761 seconds.
  path: Assets/Karting/Scenes/IntroMenu.unity
  artifactKey: Guid(d29260d8d84c94bd7ac95807b3da99d4) Importer(815301076,1909f56bfc062723c751e8b465ee728b)
Start importing Assets/Karting/Scenes/IntroMenu.unity using Guid(d29260d8d84c94bd7ac95807b3da99d4) Importer(815301076,1909f56bfc062723c751e8b465ee728b)  -> (artifact id: '484d876bca2fe94b01c365f073162f20') in 0.009284 seconds
  Import took 0.014447 seconds .

========================================================================
Received Prepare
Registering precompiled user dll's ...
Registered in 0.005666 seconds.
Begin MonoManager ReloadAssembly
Native extension for WindowsStandalone target not found
Native extension for WebGL target not found
Refreshing native plugins compatible for Editor in 0.59 ms, found 1 plugins.
Preloading 0 native plugins for Editor in 0.00 ms.
Warning: Annotation not found!
UnityEngine.StackTraceUtility:ExtractStackTrace ()
UnityEditor.ProBuilder.EditorUtility:SetGizmoIconEnabled (System.Type,bool) (at Library/PackageCache/com.unity.probuilder@4.5.0/Editor/EditorCore/EditorUtility.cs:593)
UnityEditor.ProBuilder.HierarchyListener:.cctor () (at Library/PackageCache/com.unity.probuilder@4.5.0/Editor/EditorCore/HierarchyListener.cs:21)
System.Runtime.CompilerServices.RuntimeHelpers:RunClassConstructor (System.RuntimeTypeHandle)
UnityEditor.EditorAssemblies:ProcessInitializeOnLoadAttributes (System.Type[])

[Library/PackageCache/com.unity.probuilder@4.5.0/Editor/EditorCore/EditorUtility.cs line 593]

Invoked RoslynAnalysisRunner static constructor.
RoslynAnalysisRunner will not be running.
RoslynAnalysisRunner has terminated.
Mono: successfully reloaded assembly
- Completed reload, in  1.408 seconds
Platform modules already initialized, skipping
Refreshing native plugins compatible for Editor in 0.89 ms, found 1 plugins.
Preloading 0 native plugins for Editor in 0.00 ms.
Unloading 2409 Unused Serialized files (Serialized files now loaded: 0)
System memory in use before: 113.0 MB.
System memory in use after: 113.2 MB.

Unloading 20 unused Assets to reduce memory usage. Loaded Objects now: 2917.
Total: 6.015300 ms (FindLiveObjects: 0.626800 ms CreateObjectMapping: 0.266600 ms MarkObjects: 5.049500 ms  DeleteObjects: 0.070800 ms)

========================================================================
Received Import Request.
  Time since last request: 589.218090 seconds.
  path: Assets/Mod Assets/ModResources/Fonts/Bangers-Regular SDF.asset
  artifactKey: Guid(0e141b3397d234c8685509c5d77ebcf1) Importer(815301076,1909f56bfc062723c751e8b465ee728b)
Start importing Assets/Mod Assets/ModResources/Fonts/Bangers-Regular SDF.asset using Guid(0e141b3397d234c8685509c5d77ebcf1) Importer(815301076,1909f56bfc062723c751e8b465ee728b)  -> (artifact id: '5af5328c0f9f10785d4109d7a504a3a5') in 0.230002 seconds
  Import took 0.234822 seconds .

========================================================================
Received Import Request.
  Time since last request: 0.000271 seconds.
  path: Assets/Mod Assets/ModResources/Fonts/CormorantUnicase-Regular SDF.asset
  artifactKey: Guid(ba62bccd3bc0142bc9a0bc1addeaadce) Importer(815301076,1909f56bfc062723c751e8b465ee728b)
Start importing Assets/Mod Assets/ModResources/Fonts/CormorantUnicase-Regular SDF.asset using Guid(ba62bccd3bc0142bc9a0bc1addeaadce) Importer(815301076,1909f56bfc062723c751e8b465ee728b)  -> (artifact id: '9e869745ea14d1746ee2eabf30ffd099') in 0.070766 seconds
  Import took 0.074626 seconds .

========================================================================
Received Import Request.
  Time since last request: 0.000269 seconds.
  path: Assets/Mod Assets/ModResources/Fonts/BioRhymeExpanded-Regular SDF.asset
  artifactKey: Guid(2d0aaede2506c4ca0969c32576224028) Importer(815301076,1909f56bfc062723c751e8b465ee728b)
Start importing Assets/Mod Assets/ModResources/Fonts/BioRhymeExpanded-Regular SDF.asset using Guid(2d0aaede2506c4ca0969c32576224028) Importer(815301076,1909f56bfc062723c751e8b465ee728b)  -> (artifact id: 'bf8044dcb48b46a4378e5de7315fa4a9') in 0.019748 seconds
  Import took 0.023754 seconds .

========================================================================
Received Import Request.
  Time since last request: 0.011272 seconds.
  path: Assets/Mod Assets/ModResources/Fonts/DancingScript-Regular SDF.asset
  artifactKey: Guid(7b50419dd5d254755b7929b05d413472) Importer(815301076,1909f56bfc062723c751e8b465ee728b)
Start importing Assets/Mod Assets/ModResources/Fonts/DancingScript-Regular SDF.asset using Guid(7b50419dd5d254755b7929b05d413472) Importer(815301076,1909f56bfc062723c751e8b465ee728b)  -> (artifact id: '568d5facf13703228460cb42a3fafcb5') in 0.023696 seconds
  Import took 0.028033 seconds .

========================================================================
Received Import Request.
  Time since last request: 0.000275 seconds.
  path: Assets/Karting/Art/Textures/IntroSceneBackgrounds/IntroSceneBackground_1.png
  artifactKey: Guid(d8f03602f0fafe74ab6bec4f0e6624ca) Importer(815301076,1909f56bfc062723c751e8b465ee728b)
Start importing Assets/Karting/Art/Textures/IntroSceneBackgrounds/IntroSceneBackground_1.png using Guid(d8f03602f0fafe74ab6bec4f0e6624ca) Importer(815301076,1909f56bfc062723c751e8b465ee728b)  -> (artifact id: 'fa633f64fa948877e158059100abaa05') in 0.102229 seconds
  Import took 0.106155 seconds .

========================================================================
Received Import Request.
  Time since last request: 0.000282 seconds.
  path: Assets/Mod Assets/ModResources/Fonts/Merriweather-Regular SDF.asset
  artifactKey: Guid(ea4179ba609564f33b822e1be581b321) Importer(815301076,1909f56bfc062723c751e8b465ee728b)
Start importing Assets/Mod Assets/ModResources/Fonts/Merriweather-Regular SDF.asset using Guid(ea4179ba609564f33b822e1be581b321) Importer(815301076,1909f56bfc062723c751e8b465ee728b)  -> (artifact id: 'b851d975036e14302bc389e7c924fda8') in 0.020921 seconds
  Import took 0.025212 seconds .

========================================================================
Received Import Request.
  Time since last request: 0.000263 seconds.
  path: Assets/Karting/Art/Textures/IntroSceneBackgrounds/IntroSceneBackground_8.png
  artifactKey: Guid(2115c51e6e35e0f458fc163540ac7985) Importer(815301076,1909f56bfc062723c751e8b465ee728b)
Start importing Assets/Karting/Art/Textures/IntroSceneBackgrounds/IntroSceneBackground_8.png using Guid(2115c51e6e35e0f458fc163540ac7985) Importer(815301076,1909f56bfc062723c751e8b465ee728b)  -> (artifact id: 'cba6cfff0067dddce2740d75d6c53c15') in 0.025728 seconds
  Import took 0.029510 seconds .

========================================================================
Received Import Request.
  Time since last request: 0.000265 seconds.
  path: Assets/Karting/Art/Textures/IntroSceneBackgrounds/IntroSceneBackground_4.png
  artifactKey: Guid(b393a8288d8d8c64d8182f4000a743b1) Importer(815301076,1909f56bfc062723c751e8b465ee728b)
Start importing Assets/Karting/Art/Textures/IntroSceneBackgrounds/IntroSceneBackground_4.png using Guid(b393a8288d8d8c64d8182f4000a743b1) Importer(815301076,1909f56bfc062723c751e8b465ee728b)  -> (artifact id: '8098536cdbad13b30207292f21de44fa') in 0.096115 seconds
  Import took 0.100070 seconds .

========================================================================
Received Import Request.
  Time since last request: 0.000309 seconds.
  path: Assets/Mod Assets/ModResources/Fonts/Orbitron-Regular SDF.asset
  artifactKey: Guid(d393f12bd75574ef991a7a2c74b29c69) Importer(815301076,1909f56bfc062723c751e8b465ee728b)
Start importing Assets/Mod Assets/ModResources/Fonts/Orbitron-Regular SDF.asset using Guid(d393f12bd75574ef991a7a2c74b29c69) Importer(815301076,1909f56bfc062723c751e8b465ee728b)  -> (artifact id: 'b4508269d078b8d2a5cc3dc6f75fe9d5') in 0.019703 seconds
  Import took 0.023402 seconds .

========================================================================
Received Import Request.
  Time since last request: 0.000263 seconds.
  path: Assets/Mod Assets/ModResources/Fonts/PressStart2P-Regular SDF.asset
  artifactKey: Guid(88003508be39e449cb51c48494e680cf) Importer(815301076,1909f56bfc062723c751e8b465ee728b)
Start importing Assets/Mod Assets/ModResources/Fonts/PressStart2P-Regular SDF.asset using Guid(88003508be39e449cb51c48494e680cf) Importer(815301076,1909f56bfc062723c751e8b465ee728b)  -> (artifact id: '9d257ce37fed5c5ed4044a82aade162d') in 0.018863 seconds
  Import took 0.023581 seconds .

========================================================================
Received Import Request.
  Time since last request: 0.000256 seconds.
  path: Assets/Karting/Art/Textures/VFX/TireTexture.png
  artifactKey: Guid(0ca3a1bcc3657f341b44aa29c5407203) Importer(815301076,1909f56bfc062723c751e8b465ee728b)
Start importing Assets/Karting/Art/Textures/VFX/TireTexture.png using Guid(0ca3a1bcc3657f341b44aa29c5407203) Importer(815301076,1909f56bfc062723c751e8b465ee728b)  -> (artifact id: 'b2532a37b5f4fedafa7d2b888fa55d32') in 0.008514 seconds
  Import took 0.012048 seconds .

========================================================================
Received Import Request.
  Time since last request: 0.000245 seconds.
  path: Assets/Mod Assets/ModResources/Fonts/Raleway-Regular SDF.asset
  artifactKey: Guid(2abf75d6e0d8a4aa6910fae6ee5d638b) Importer(815301076,1909f56bfc062723c751e8b465ee728b)
Start importing Assets/Mod Assets/ModResources/Fonts/Raleway-Regular SDF.asset using Guid(2abf75d6e0d8a4aa6910fae6ee5d638b) Importer(815301076,1909f56bfc062723c751e8b465ee728b)  -> (artifact id: '59cebe5ff9189de2070004516c7ae0f5') in 0.020113 seconds
  Import took 0.024473 seconds .

========================================================================
Received Import Request.
  Time since last request: 0.000247 seconds.
  path: Assets/Mod Assets/ModResources/Fonts/ZCOOLKuaiLe-Regular SDF.asset
  artifactKey: Guid(8ebfeea7062344f0c96b8a1d614a92b1) Importer(815301076,1909f56bfc062723c751e8b465ee728b)
Start importing Assets/Mod Assets/ModResources/Fonts/ZCOOLKuaiLe-Regular SDF.asset using Guid(8ebfeea7062344f0c96b8a1d614a92b1) Importer(815301076,1909f56bfc062723c751e8b465ee728b)  -> (artifact id: '667edb1f15bdc342762d4a4e91c76ba5') in 0.020649 seconds
  Import took 0.025199 seconds .

========================================================================
Received Import Request.
  Time since last request: 0.000241 seconds.
  path: Assets/Karting/Art/Textures/Skybox/Skybox_Bottom.png
  artifactKey: Guid(1bd8a3f3cd4b845498c3b07ba675d6e1) Importer(815301076,1909f56bfc062723c751e8b465ee728b)
Start importing Assets/Karting/Art/Textures/Skybox/Skybox_Bottom.png using Guid(1bd8a3f3cd4b845498c3b07ba675d6e1) Importer(815301076,1909f56bfc062723c751e8b465ee728b)  -> (artifact id: 'c30bfe0fca4f5a8ba2118dc696160012') in 0.012885 seconds
  Import took 0.019378 seconds .

========================================================================
Received Import Request.
  Time since last request: 0.000228 seconds.
  path: Assets/Karting/Art/Textures/Skybox/Skybox_Left.png
  artifactKey: Guid(34f4288f211e8a840b988d631b32342f) Importer(815301076,1909f56bfc062723c751e8b465ee728b)
Start importing Assets/Karting/Art/Textures/Skybox/Skybox_Left.png using Guid(34f4288f211e8a840b988d631b32342f) Importer(815301076,1909f56bfc062723c751e8b465ee728b)  -> (artifact id: '29fde3e19007dd0fa798c35ae40283c1') in 0.009498 seconds
  Import took 0.013976 seconds .

========================================================================
Received Import Request.
  Time since last request: 0.000190 seconds.
  path: Assets/Karting/Art/Textures/TemplateEnvironmentSwatch.png
  artifactKey: Guid(18f94973eacde5f49920b7936b31d501) Importer(815301076,1909f56bfc062723c751e8b465ee728b)
Start importing Assets/Karting/Art/Textures/TemplateEnvironmentSwatch.png using Guid(18f94973eacde5f49920b7936b31d501) Importer(815301076,1909f56bfc062723c751e8b465ee728b)  -> (artifact id: '728a65118b4381e4192a2bde88c49090') in 0.009416 seconds
  Import took 0.014354 seconds .

========================================================================
Received Import Request.
  Time since last request: 0.000070 seconds.
  path: Assets/Karting/Art/Textures/IntroSceneBackgrounds/IntroSceneBackground_6.png
  artifactKey: Guid(8fd8bb0f8ed82304d8249d5e16fb0619) Importer(815301076,1909f56bfc062723c751e8b465ee728b)
Start importing Assets/Karting/Art/Textures/IntroSceneBackgrounds/IntroSceneBackground_6.png using Guid(8fd8bb0f8ed82304d8249d5e16fb0619) Importer(815301076,1909f56bfc062723c751e8b465ee728b)  -> (artifact id: 'e9364bfa80c0d515fcae23eead16690f') in 0.058081 seconds
  Import took 0.062499 seconds .

========================================================================
Received Import Request.
  Time since last request: 0.000149 seconds.
  path: Assets/Karting/Art/Textures/VFX/OverheatSmoke.png
  artifactKey: Guid(4a438125ecd901d45b0569f02c6a0bef) Importer(815301076,1909f56bfc062723c751e8b465ee728b)
Start importing Assets/Karting/Art/Textures/VFX/OverheatSmoke.png using Guid(4a438125ecd901d45b0569f02c6a0bef) Importer(815301076,1909f56bfc062723c751e8b465ee728b)  -> (artifact id: '699aeac85d1717cb28ae117bffe4f29b') in 0.063689 seconds
  Import took 0.067119 seconds .

========================================================================
Received Import Request.
  Time since last request: 0.000249 seconds.
  path: Assets/Karting/Art/Textures/IntroSceneBackgrounds/IntroSceneBackground_2.png
  artifactKey: Guid(d205ca549f929bd438c1748e3eaa727b) Importer(815301076,1909f56bfc062723c751e8b465ee728b)
Start importing Assets/Karting/Art/Textures/IntroSceneBackgrounds/IntroSceneBackground_2.png using Guid(d205ca549f929bd438c1748e3eaa727b) Importer(815301076,1909f56bfc062723c751e8b465ee728b)  -> (artifact id: 'ec12e9a9c064a2ffdc048c09c31042d7') in 0.058622 seconds
  Import took 0.062692 seconds .

========================================================================
Received Import Request.
  Time since last request: 0.000192 seconds.
  path: Assets/Mod Assets/ModResources/Textures/rainbowtexture.png
  artifactKey: Guid(1b6d33a625dab47a48c2b062e2ce39bc) Importer(815301076,1909f56bfc062723c751e8b465ee728b)
Start importing Assets/Mod Assets/ModResources/Textures/rainbowtexture.png using Guid(1b6d33a625dab47a48c2b062e2ce39bc) Importer(815301076,1909f56bfc062723c751e8b465ee728b)  -> (artifact id: 'a42a9d57ed0764a72c160e47c52a1eb6') in 0.040558 seconds
  Import took 0.045241 seconds .

========================================================================
Received Import Request.
  Time since last request: 0.000231 seconds.
  path: Assets/Karting/Art/Textures/IntroSceneBackgrounds/IntroSceneBackground_7.png
  artifactKey: Guid(80f9fd62980c992409895a9aa5907955) Importer(815301076,1909f56bfc062723c751e8b465ee728b)
Start importing Assets/Karting/Art/Textures/IntroSceneBackgrounds/IntroSceneBackground_7.png using Guid(80f9fd62980c992409895a9aa5907955) Importer(815301076,1909f56bfc062723c751e8b465ee728b)  -> (artifact id: '4bdc9066aec529fa032e92491e36307f') in 0.051896 seconds
  Import took 0.056256 seconds .

========================================================================
Received Import Request.
  Time since last request: 0.000201 seconds.
  path: Assets/Karting/Art/Textures/Skybox/sun_glow.png
  artifactKey: Guid(10f5925e5a532434fac48f4e5f502b9c) Importer(815301076,1909f56bfc062723c751e8b465ee728b)
Start importing Assets/Karting/Art/Textures/Skybox/sun_glow.png using Guid(10f5925e5a532434fac48f4e5f502b9c) Importer(815301076,1909f56bfc062723c751e8b465ee728b)  -> (artifact id: '4e8fd5e4c9dd6c9425ab042d4ec9ca75') in 0.010565 seconds
  Import took 0.014526 seconds .

========================================================================
Received Import Request.
  Time since last request: 0.000235 seconds.
  path: Assets/Screenshot.png
  artifactKey: Guid(3a885c5b014bae84bab1d0a6064062f2) Importer(815301076,1909f56bfc062723c751e8b465ee728b)
Start importing Assets/Screenshot.png using Guid(3a885c5b014bae84bab1d0a6064062f2) Importer(815301076,1909f56bfc062723c751e8b465ee728b)  -> (artifact id: '932bcb267e0421045e66598904c88e3a') in 0.010801 seconds
  Import took 0.015025 seconds .

========================================================================
Received Import Request.
  Time since last request: 0.000266 seconds.
  path: Assets/Karting/Art/Textures/Skybox/Skybox_Top.png
  artifactKey: Guid(cd32b0a36d52ce948ba2c536e7e699ea) Importer(815301076,1909f56bfc062723c751e8b465ee728b)
Start importing Assets/Karting/Art/Textures/Skybox/Skybox_Top.png using Guid(cd32b0a36d52ce948ba2c536e7e699ea) Importer(815301076,1909f56bfc062723c751e8b465ee728b)  -> (artifact id: '27bd50d02a264705a68d4ec5ac068df0') in 0.010984 seconds
  Import took 0.014776 seconds .

========================================================================
Received Import Request.
  Time since last request: 0.000191 seconds.
  path: Assets/Karting/Art/Textures/IntroSceneBackgrounds/IntroSceneBackground_3.png
  artifactKey: Guid(6b035673a281b0b4eb092685cd1f9e5f) Importer(815301076,1909f56bfc062723c751e8b465ee728b)
Start importing Assets/Karting/Art/Textures/IntroSceneBackgrounds/IntroSceneBackground_3.png using Guid(6b035673a281b0b4eb092685cd1f9e5f) Importer(815301076,1909f56bfc062723c751e8b465ee728b)  -> (artifact id: '307d8fef19d423af1e6ba2d103c4c382') in 0.053701 seconds
  Import took 0.057533 seconds .

========================================================================
Received Import Request.
  Time since last request: 0.000271 seconds.
  path: Assets/Mod Assets/ModResources/Fonts/IndieFlower SDF.asset
  artifactKey: Guid(2a0d250d860e74880b33abdcb4a9da2a) Importer(815301076,1909f56bfc062723c751e8b465ee728b)
Start importing Assets/Mod Assets/ModResources/Fonts/IndieFlower SDF.asset using Guid(2a0d250d860e74880b33abdcb4a9da2a) Importer(815301076,1909f56bfc062723c751e8b465ee728b)  -> (artifact id: 'e1458adfba5b83803c4ae546518d1ae4') in 0.022773 seconds
  Import took 0.026618 seconds .

========================================================================
Received Import Request.
  Time since last request: 0.000211 seconds.
  path: Assets/Karting/Art/Textures/Skybox/Skybox_Front.png
  artifactKey: Guid(c1da79972700c9d4f818d5f340671bf3) Importer(815301076,1909f56bfc062723c751e8b465ee728b)
Start importing Assets/Karting/Art/Textures/Skybox/Skybox_Front.png using Guid(c1da79972700c9d4f818d5f340671bf3) Importer(815301076,1909f56bfc062723c751e8b465ee728b)  -> (artifact id: '05986019673313b1537ca7ed1ed195f5') in 0.021368 seconds
  Import took 0.025785 seconds .

========================================================================
Received Import Request.
  Time since last request: 0.000184 seconds.
  path: Assets/Karting/Art/Textures/Skybox/Skybox_Right.png
  artifactKey: Guid(0893f8c6e20de4c448733f3fe3e26d81) Importer(815301076,1909f56bfc062723c751e8b465ee728b)
Start importing Assets/Karting/Art/Textures/Skybox/Skybox_Right.png using Guid(0893f8c6e20de4c448733f3fe3e26d81) Importer(815301076,1909f56bfc062723c751e8b465ee728b)  -> (artifact id: 'e6f087a0b48c9852cb65fcc2a97a693c') in 0.009324 seconds
  Import took 0.013989 seconds .

========================================================================
Received Import Request.
  Time since last request: 0.000146 seconds.
  path: Assets/Karting/Art/Textures/Skybox/Skybox_Back.png
  artifactKey: Guid(864ce6dd3204d104d9cd4ae527e17679) Importer(815301076,1909f56bfc062723c751e8b465ee728b)
Start importing Assets/Karting/Art/Textures/Skybox/Skybox_Back.png using Guid(864ce6dd3204d104d9cd4ae527e17679) Importer(815301076,1909f56bfc062723c751e8b465ee728b)  -> (artifact id: 'ebc775d675fd63ef1a8209b7b700f14e') in 0.009882 seconds
  Import took 0.013854 seconds .

========================================================================
Received Import Request.
  Time since last request: 0.000160 seconds.
  path: Assets/Karting/Art/Textures/IntroSceneBackgrounds/IntroSceneBackground_5.png
  artifactKey: Guid(5c0a4476d6ce57a40bc38e311d6a24c8) Importer(815301076,1909f56bfc062723c751e8b465ee728b)
Start importing Assets/Karting/Art/Textures/IntroSceneBackgrounds/IntroSceneBackground_5.png using Guid(5c0a4476d6ce57a40bc38e311d6a24c8) Importer(815301076,1909f56bfc062723c751e8b465ee728b)  -> (artifact id: '851f716acb05f8a199cc932c5401f111') in 0.047574 seconds
  Import took 0.059746 seconds .

========================================================================
Received Import Request.
  Time since last request: 54.558559 seconds.
  path: Assets/Karting/Scenes/LoseScene.unity
  artifactKey: Guid(9c449e01147824b419cda406398fb2e7) Importer(815301076,1909f56bfc062723c751e8b465ee728b)
Start importing Assets/Karting/Scenes/LoseScene.unity using Guid(9c449e01147824b419cda406398fb2e7) Importer(815301076,1909f56bfc062723c751e8b465ee728b)  -> (artifact id: 'bb2263e7b12a6282905013b0979ce9db') in 0.006169 seconds
  Import took 0.011459 seconds .

========================================================================
Received Import Request.
  Time since last request: 40.854296 seconds.
  path: Assets/Karting/Scenes/WinScene.unity
  artifactKey: Guid(d6801f2e59f75ee4b919cf5da4e48e3b) Importer(815301076,1909f56bfc062723c751e8b465ee728b)
Start importing Assets/Karting/Scenes/WinScene.unity using Guid(d6801f2e59f75ee4b919cf5da4e48e3b) Importer(815301076,1909f56bfc062723c751e8b465ee728b)  -> (artifact id: 'e828cf8af262856d50ca13b320f593e1') in 0.007291 seconds
  Import took 0.010905 seconds .

========================================================================
Received Import Request.
  Time since last request: 72.583532 seconds.
  path: Assets/Karting/Prefabs/Cameras/CinemachineVirtualCamera.prefab
  artifactKey: Guid(4366ba6a4d5213d4f9fc7bba3e778799) Importer(815301076,1909f56bfc062723c751e8b465ee728b)
Start importing Assets/Karting/Prefabs/Cameras/CinemachineVirtualCamera.prefab using Guid(4366ba6a4d5213d4f9fc7bba3e778799) Importer(815301076,1909f56bfc062723c751e8b465ee728b)  -> (artifact id: 'ebeba911b0b27ac71c40e2bd5c592b33') in 0.021698 seconds
  Import took 0.025781 seconds .

========================================================================
Received Import Request.
  Time since last request: 5.361131 seconds.
  path: Assets/Karting/Prefabs/Setup/ArcadeEngineAudio.prefab
  artifactKey: Guid(129aa9342650245cbadf61f8391f3878) Importer(815301076,1909f56bfc062723c751e8b465ee728b)
Start importing Assets/Karting/Prefabs/Setup/ArcadeEngineAudio.prefab using Guid(129aa9342650245cbadf61f8391f3878) Importer(815301076,1909f56bfc062723c751e8b465ee728b)  -> (artifact id: '81fad0afc1428b583823baa7faac23d4') in 0.049089 seconds
  Import took 0.052832 seconds .

========================================================================
Received Import Request.
  Time since last request: 0.000257 seconds.
  path: Assets/Karting/Prefabs/Setup/GameManager.prefab
  artifactKey: Guid(b26c4a65cf4c6475a92bfd03c2c3282b) Importer(815301076,1909f56bfc062723c751e8b465ee728b)
Start importing Assets/Karting/Prefabs/Setup/GameManager.prefab using Guid(b26c4a65cf4c6475a92bfd03c2c3282b) Importer(815301076,1909f56bfc062723c751e8b465ee728b)  -> (artifact id: 'dc6c9e2f8f1aabb8969ed5390315239c') in 0.087794 seconds
  Import took 0.091851 seconds .

========================================================================
Received Import Request.
  Time since last request: 0.000259 seconds.
  path: Assets/Karting/Prefabs/Setup/EngineAudio.prefab
  artifactKey: Guid(ec5cb92a3a3d940e48635d86be0448cc) Importer(815301076,1909f56bfc062723c751e8b465ee728b)
Start importing Assets/Karting/Prefabs/Setup/EngineAudio.prefab using Guid(ec5cb92a3a3d940e48635d86be0448cc) Importer(815301076,1909f56bfc062723c751e8b465ee728b)  -> (artifact id: 'ec8f4cc4e7900cb9157ec70f932d847f') in 0.098610 seconds
  Import took 0.101982 seconds .

========================================================================
Received Import Request.
  Time since last request: 3.053051 seconds.
  path: Assets/Karting/Prefabs/TrainingTracks/TrainingSetB.prefab
  artifactKey: Guid(b738e42fbe80cdb41b57e1cf05c2e501) Importer(815301076,1909f56bfc062723c751e8b465ee728b)
Start importing Assets/Karting/Prefabs/TrainingTracks/TrainingSetB.prefab using Guid(b738e42fbe80cdb41b57e1cf05c2e501) Importer(815301076,1909f56bfc062723c751e8b465ee728b)  -> (artifact id: '9ca4e74d7b776eb66b6b1a28f0a7697b') in 0.081616 seconds
  Import took 0.087358 seconds .

========================================================================
Received Import Request.
  Time since last request: 0.000154 seconds.
  path: Assets/Karting/Prefabs/TrainingTracks/TrainingSetC.prefab
  artifactKey: Guid(5737a394611c95c48bf186c47b4b1996) Importer(815301076,1909f56bfc062723c751e8b465ee728b)
Start importing Assets/Karting/Prefabs/TrainingTracks/TrainingSetC.prefab using Guid(5737a394611c95c48bf186c47b4b1996) Importer(815301076,1909f56bfc062723c751e8b465ee728b)  -> (artifact id: 'cfeeb946bd073b358b82e343dd6e82ac') in 0.038380 seconds
  Import took 0.043952 seconds .

========================================================================
Received Import Request.
  Time since last request: 81.933663 seconds.
  path: Assets/Karting/Prefabs/UI/GameHUD.prefab
  artifactKey: Guid(2c5fd2f47a2514711843f1f96c7b2f0c) Importer(815301076,1909f56bfc062723c751e8b465ee728b)
Start importing Assets/Karting/Prefabs/UI/GameHUD.prefab using Guid(2c5fd2f47a2514711843f1f96c7b2f0c) Importer(815301076,1909f56bfc062723c751e8b465ee728b)  -> (artifact id: '8595ee8b8b0d3af05698aef96005f16c') in 0.030488 seconds
  Import took 0.035219 seconds .

========================================================================
Received Import Request.
  Time since last request: 157.111812 seconds.
  path: Assets/Karting/Prefabs/UI/GameHUD.prefab
  artifactKey: Guid(2c5fd2f47a2514711843f1f96c7b2f0c) Importer(815301076,1909f56bfc062723c751e8b465ee728b)
Start importing Assets/Karting/Prefabs/UI/GameHUD.prefab using Guid(2c5fd2f47a2514711843f1f96c7b2f0c) Importer(815301076,1909f56bfc062723c751e8b465ee728b)  -> (artifact id: 'feebb0d970aab70409bcdbd128d04965') in 0.015262 seconds
  Import took 0.019791 seconds .

========================================================================
Received Import Request.
  Time since last request: 363.575523 seconds.
  path: Assets/Karting/Scenes/IntroMenu.unity
  artifactKey: Guid(d29260d8d84c94bd7ac95807b3da99d4) Importer(815301076,1909f56bfc062723c751e8b465ee728b)
Start importing Assets/Karting/Scenes/IntroMenu.unity using Guid(d29260d8d84c94bd7ac95807b3da99d4) Importer(815301076,1909f56bfc062723c751e8b465ee728b)  -> (artifact id: '21e90c98aa10390db285c56c49f90c50') in 0.002606 seconds
  Import took 0.008494 seconds .

========================================================================
Received Import Request.
  Time since last request: 31.237887 seconds.
  path: Assets/Scene/Track 1.unity
  artifactKey: Guid(0c040aec830927a44815aba9b4c82399) Importer(815301076,1909f56bfc062723c751e8b465ee728b)
Start importing Assets/Scene/Track 1.unity using Guid(0c040aec830927a44815aba9b4c82399) Importer(815301076,1909f56bfc062723c751e8b465ee728b)  -> (artifact id: 'df439214ef9b8a4aa2991db19ecc3db8') in 0.006614 seconds
  Import took 0.010495 seconds .

========================================================================
Received Prepare
Registering precompiled user dll's ...
Registered in 0.002878 seconds.
Begin MonoManager ReloadAssembly
Native extension for WindowsStandalone target not found
Native extension for WebGL target not found
Refreshing native plugins compatible for Editor in 0.50 ms, found 1 plugins.
Preloading 0 native plugins for Editor in 0.00 ms.
Warning: Annotation not found!
UnityEngine.StackTraceUtility:ExtractStackTrace ()
UnityEditor.ProBuilder.EditorUtility:SetGizmoIconEnabled (System.Type,bool) (at Library/PackageCache/com.unity.probuilder@4.5.0/Editor/EditorCore/EditorUtility.cs:593)
UnityEditor.ProBuilder.HierarchyListener:.cctor () (at Library/PackageCache/com.unity.probuilder@4.5.0/Editor/EditorCore/HierarchyListener.cs:21)
System.Runtime.CompilerServices.RuntimeHelpers:RunClassConstructor (System.RuntimeTypeHandle)
UnityEditor.EditorAssemblies:ProcessInitializeOnLoadAttributes (System.Type[])

[Library/PackageCache/com.unity.probuilder@4.5.0/Editor/EditorCore/EditorUtility.cs line 593]

Invoked RoslynAnalysisRunner static constructor.
RoslynAnalysisRunner will not be running.
RoslynAnalysisRunner has terminated.
Mono: successfully reloaded assembly
- Completed reload, in  1.106 seconds
Platform modules already initialized, skipping
Refreshing native plugins compatible for Editor in 0.54 ms, found 1 plugins.
Preloading 0 native plugins for Editor in 0.00 ms.
Unloading 2409 Unused Serialized files (Serialized files now loaded: 0)
System memory in use before: 116.7 MB.
System memory in use after: 116.9 MB.

Unloading 23 unused Assets to reduce memory usage. Loaded Objects now: 2970.
Total: 2.910100 ms (FindLiveObjects: 0.277200 ms CreateObjectMapping: 0.151000 ms MarkObjects: 2.398900 ms  DeleteObjects: 0.081700 ms)

========================================================================
Received Prepare
Registering precompiled user dll's ...
Registered in 0.004643 seconds.
Begin MonoManager ReloadAssembly
Native extension for WindowsStandalone target not found
Native extension for WebGL target not found
Refreshing native plugins compatible for Editor in 0.68 ms, found 1 plugins.
Preloading 0 native plugins for Editor in 0.00 ms.
Warning: Annotation not found!
UnityEngine.StackTraceUtility:ExtractStackTrace ()
UnityEditor.ProBuilder.EditorUtility:SetGizmoIconEnabled (System.Type,bool) (at Library/PackageCache/com.unity.probuilder@4.5.0/Editor/EditorCore/EditorUtility.cs:593)
UnityEditor.ProBuilder.HierarchyListener:.cctor () (at Library/PackageCache/com.unity.probuilder@4.5.0/Editor/EditorCore/HierarchyListener.cs:21)
System.Runtime.CompilerServices.RuntimeHelpers:RunClassConstructor (System.RuntimeTypeHandle)
UnityEditor.EditorAssemblies:ProcessInitializeOnLoadAttributes (System.Type[])

[Library/PackageCache/com.unity.probuilder@4.5.0/Editor/EditorCore/EditorUtility.cs line 593]

Invoked RoslynAnalysisRunner static constructor.
RoslynAnalysisRunner will not be running.
RoslynAnalysisRunner has terminated.
Mono: successfully reloaded assembly
- Completed reload, in  1.143 seconds
Platform modules already initialized, skipping
Refreshing native plugins compatible for Editor in 0.63 ms, found 1 plugins.
Preloading 0 native plugins for Editor in 0.00 ms.
Unloading 2409 Unused Serialized files (Serialized files now loaded: 0)
System memory in use before: 116.8 MB.
System memory in use after: 117.0 MB.

Unloading 20 unused Assets to reduce memory usage. Loaded Objects now: 2974.
Total: 2.436900 ms (FindLiveObjects: 0.251200 ms CreateObjectMapping: 0.118000 ms MarkObjects: 2.006100 ms  DeleteObjects: 0.060500 ms)

========================================================================
Received Import Request.
  Time since last request: 3370.173220 seconds.
  path: Assets/Karting/Prefabs
  artifactKey: Guid(9e955b86905804b7dbf331cf1cc5a7a7) Importer(815301076,1909f56bfc062723c751e8b465ee728b)
Start importing Assets/Karting/Prefabs using Guid(9e955b86905804b7dbf331cf1cc5a7a7) Importer(815301076,1909f56bfc062723c751e8b465ee728b)  -> (artifact id: '0e61e1ae903b779f6cb0b62e213bdc0e') in 0.039303 seconds
  Import took 0.043206 seconds .

========================================================================
Received Import Request.
  Time since last request: 7.481878 seconds.
  path: Assets/Karting/Prefabs/Setup
  artifactKey: Guid(da3a19bbc686a0341a217034d55a66e8) Importer(815301076,1909f56bfc062723c751e8b465ee728b)
Start importing Assets/Karting/Prefabs/Setup using Guid(da3a19bbc686a0341a217034d55a66e8) Importer(815301076,1909f56bfc062723c751e8b465ee728b)  -> (artifact id: 'c071823cb9b5d3aae89eaaa443136076') in 0.006274 seconds
  Import took 0.010383 seconds .

========================================================================
Received Import Request.
  Time since last request: 0.092214 seconds.
  path: Assets/Karting/Prefabs/Setup/GameManager.prefab
  artifactKey: Guid(b26c4a65cf4c6475a92bfd03c2c3282b) Importer(815301076,1909f56bfc062723c751e8b465ee728b)
Start importing Assets/Karting/Prefabs/Setup/GameManager.prefab using Guid(b26c4a65cf4c6475a92bfd03c2c3282b) Importer(815301076,1909f56bfc062723c751e8b465ee728b)  -> (artifact id: '86d66a2a42db2033832e9bb6d54f48b5') in 0.089670 seconds
  Import took 0.094460 seconds .

========================================================================
Received Import Request.
  Time since last request: 65.489390 seconds.
  path: Assets/Karting/Prefabs/Setup/GameManager.prefab
  artifactKey: Guid(b26c4a65cf4c6475a92bfd03c2c3282b) Importer(815301076,1909f56bfc062723c751e8b465ee728b)
Start importing Assets/Karting/Prefabs/Setup/GameManager.prefab using Guid(b26c4a65cf4c6475a92bfd03c2c3282b) Importer(815301076,1909f56bfc062723c751e8b465ee728b)  -> (artifact id: '7c0b7df4f8dac100961fce5e5ccaf7db') in 0.023201 seconds
  Import took 0.029035 seconds .

========================================================================
Received Import Request.
  Time since last request: 48.804944 seconds.
  path: Assets/Karting/Prefabs/GameModes
  artifactKey: Guid(6aeeac7638c1ee041b1c584323754a54) Importer(815301076,1909f56bfc062723c751e8b465ee728b)
Start importing Assets/Karting/Prefabs/GameModes using Guid(6aeeac7638c1ee041b1c584323754a54) Importer(815301076,1909f56bfc062723c751e8b465ee728b)  -> (artifact id: '203c4ebca821c1c9c1e544d826e2b934') in 0.005988 seconds
  Import took 0.010000 seconds .

========================================================================
Received Import Request.
  Time since last request: 2.664648 seconds.
  path: Assets/Karting/Prefabs/Environment
  artifactKey: Guid(6bb15a97d07f57b4e8460f4594b87f81) Importer(815301076,1909f56bfc062723c751e8b465ee728b)
Start importing Assets/Karting/Prefabs/Environment using Guid(6bb15a97d07f57b4e8460f4594b87f81) Importer(815301076,1909f56bfc062723c751e8b465ee728b)  -> (artifact id: '3ba35c57c393481d12dd3e557459c146') in 0.006076 seconds
  Import took 0.010150 seconds .

========================================================================
Received Import Request.
  Time since last request: 9.588222 seconds.
  path: Assets/Karting/Prefabs/TrackPieces
  artifactKey: Guid(4635e9601ffdd9e47ad101b634e124b9) Importer(815301076,1909f56bfc062723c751e8b465ee728b)
Start importing Assets/Karting/Prefabs/TrackPieces using Guid(4635e9601ffdd9e47ad101b634e124b9) Importer(815301076,1909f56bfc062723c751e8b465ee728b)  -> (artifact id: '38a480d1fca3cd4e5d919c2b907e79f2') in 0.006624 seconds
  Import took 0.010853 seconds .

========================================================================
Received Import Request.
  Time since last request: 0.050896 seconds.
  path: Assets/Karting/Prefabs/TrackPieces/Ramp_Playground.prefab
  artifactKey: Guid(e47e8ca41a199c04bb4df9d428512893) Importer(815301076,1909f56bfc062723c751e8b465ee728b)
Start importing Assets/Karting/Prefabs/TrackPieces/Ramp_Playground.prefab using Guid(e47e8ca41a199c04bb4df9d428512893) Importer(815301076,1909f56bfc062723c751e8b465ee728b)  -> (artifact id: 'c56b5de9c1c02bf94bcec401b5b7676c') in 0.141702 seconds
  Import took 0.145365 seconds .

========================================================================
Received Import Request.
  Time since last request: 0.000286 seconds.
  path: Assets/Karting/Prefabs/TrackPieces/TrackCamberCurve.prefab
  artifactKey: Guid(e5173aaa61cc2574392f31de57e2dad6) Importer(815301076,1909f56bfc062723c751e8b465ee728b)
Start importing Assets/Karting/Prefabs/TrackPieces/TrackCamberCurve.prefab using Guid(e5173aaa61cc2574392f31de57e2dad6) Importer(815301076,1909f56bfc062723c751e8b465ee728b)  -> (artifact id: '0b4b6a68f19f53a446db5740f6fba7ab') in 0.075089 seconds
  Import took 0.078617 seconds .

========================================================================
Received Import Request.
  Time since last request: 0.000249 seconds.
  path: Assets/Karting/Prefabs/TrackPieces/TrackCurveMedium.prefab
  artifactKey: Guid(19855eab27bbfcb40bdc747ff5a0806d) Importer(815301076,1909f56bfc062723c751e8b465ee728b)
Start importing Assets/Karting/Prefabs/TrackPieces/TrackCurveMedium.prefab using Guid(19855eab27bbfcb40bdc747ff5a0806d) Importer(815301076,1909f56bfc062723c751e8b465ee728b)  -> (artifact id: 'da582d14542f4709836d697e35f1e3bf') in 0.026429 seconds
  Import took 0.048971 seconds .

========================================================================
Received Import Request.
  Time since last request: 0.000267 seconds.
  path: Assets/Karting/Prefabs/TrackPieces/TrackToCamber.prefab
  artifactKey: Guid(8a6e80e5d3c417340b1843b94b07fa82) Importer(815301076,1909f56bfc062723c751e8b465ee728b)
Start importing Assets/Karting/Prefabs/TrackPieces/TrackToCamber.prefab using Guid(8a6e80e5d3c417340b1843b94b07fa82) Importer(815301076,1909f56bfc062723c751e8b465ee728b)  -> (artifact id: 'b74ee95ee41318d7de3a853c78d2f4b4') in 0.090625 seconds
  Import took 0.094012 seconds .

========================================================================
Received Import Request.
  Time since last request: 0.000253 seconds.
  path: Assets/Karting/Prefabs/TrackPieces/TrackCurveSmall.prefab
  artifactKey: Guid(f1a85f852a83aad4d9ceccf7929b3513) Importer(815301076,1909f56bfc062723c751e8b465ee728b)
Start importing Assets/Karting/Prefabs/TrackPieces/TrackCurveSmall.prefab using Guid(f1a85f852a83aad4d9ceccf7929b3513) Importer(815301076,1909f56bfc062723c751e8b465ee728b)  -> (artifact id: '7dc13d9d20de5513f32c76150200e222') in 0.033903 seconds
  Import took 0.037665 seconds .

========================================================================
Received Import Request.
  Time since last request: 0.000267 seconds.
  path: Assets/Karting/Prefabs/TrackPieces/TrackCamber.prefab
  artifactKey: Guid(f202d1d38db456740b720ff202853bb1) Importer(815301076,1909f56bfc062723c751e8b465ee728b)
Start importing Assets/Karting/Prefabs/TrackPieces/TrackCamber.prefab using Guid(f202d1d38db456740b720ff202853bb1) Importer(815301076,1909f56bfc062723c751e8b465ee728b)  -> (artifact id: '70676b69cbd539c64cf6d1197816bc4d') in 0.035877 seconds
  Import took 0.039895 seconds .

========================================================================
Received Import Request.
  Time since last request: 0.000409 seconds.
  path: Assets/Karting/Prefabs/TrackPieces/TrackCurveBig.prefab
  artifactKey: Guid(215971d3cbf499546bc64d67613d3c81) Importer(815301076,1909f56bfc062723c751e8b465ee728b)
Start importing Assets/Karting/Prefabs/TrackPieces/TrackCurveBig.prefab using Guid(215971d3cbf499546bc64d67613d3c81) Importer(815301076,1909f56bfc062723c751e8b465ee728b)  -> (artifact id: 'bb1dfca1fd75ab2b5d2609fac02678cb') in 0.028038 seconds
  Import took 0.032403 seconds .

========================================================================
Received Import Request.
  Time since last request: 0.000229 seconds.
  path: Assets/Karting/Prefabs/TrackPieces/TrackStraightShort.prefab
  artifactKey: Guid(ad9b18b5e2bf23940b0adbbbbd09655f) Importer(815301076,1909f56bfc062723c751e8b465ee728b)
Start importing Assets/Karting/Prefabs/TrackPieces/TrackStraightShort.prefab using Guid(ad9b18b5e2bf23940b0adbbbbd09655f) Importer(815301076,1909f56bfc062723c751e8b465ee728b)  -> (artifact id: '35bf4b0596f3cfb154bc1d83671070b3') in 0.035099 seconds
  Import took 0.052865 seconds .

========================================================================
Received Import Request.
  Time since last request: 10.049159 seconds.
  path: Assets/Karting/Prefabs/UI
  artifactKey: Guid(b6b967b028dc5438193fef2fa21e0135) Importer(815301076,1909f56bfc062723c751e8b465ee728b)
Start importing Assets/Karting/Prefabs/UI using Guid(b6b967b028dc5438193fef2fa21e0135) Importer(815301076,1909f56bfc062723c751e8b465ee728b)  -> (artifact id: '8f99e63d8b735eb8d5f960144e273166') in 0.006029 seconds
  Import took 0.009909 seconds .

========================================================================
Received Import Request.
  Time since last request: 0.070671 seconds.
  path: Assets/Karting/Prefabs/UI/InGameMenu.prefab
  artifactKey: Guid(cf135591008cd4358b09a85e59fcfc1e) Importer(815301076,1909f56bfc062723c751e8b465ee728b)
Start importing Assets/Karting/Prefabs/UI/InGameMenu.prefab using Guid(cf135591008cd4358b09a85e59fcfc1e) Importer(815301076,1909f56bfc062723c751e8b465ee728b)  -> (artifact id: '6cbf0c19c3d2734fe8a49cdea54d9241') in 0.014176 seconds
  Import took 0.018234 seconds .

========================================================================
Received Import Request.
  Time since last request: 27.165503 seconds.
  path: Assets/Karting/Prefabs/UI/AdditionalInGameData.prefab
  artifactKey: Guid(513c85d68668a0e439b3f20de6da70e4) Importer(815301076,1909f56bfc062723c751e8b465ee728b)
Start importing Assets/Karting/Prefabs/UI/AdditionalInGameData.prefab using Guid(513c85d68668a0e439b3f20de6da70e4) Importer(815301076,1909f56bfc062723c751e8b465ee728b)  -> (artifact id: 'a4bde9b8b9cb32d92c72877bb3a79109') in 0.031958 seconds
  Import took 0.038357 seconds .

========================================================================
Received Import Request.
  Time since last request: 0.000214 seconds.
  path: Assets/Karting/Prefabs/UI/UI Panel.prefab
  artifactKey: Guid(a7699e394e3ea4941b8b3b315a2280cc) Importer(815301076,1909f56bfc062723c751e8b465ee728b)
Start importing Assets/Karting/Prefabs/UI/UI Panel.prefab using Guid(a7699e394e3ea4941b8b3b315a2280cc) Importer(815301076,1909f56bfc062723c751e8b465ee728b)  -> (artifact id: '5cb9f09935d04048c9afdcdbe1a84a54') in 0.033702 seconds
  Import took 0.037564 seconds .

========================================================================
Received Import Request.
  Time since last request: 0.000331 seconds.
  path: Assets/Karting/Prefabs/UI/NotificationToast.prefab
  artifactKey: Guid(791e30b832d8b814c82d519317a16e6d) Importer(815301076,1909f56bfc062723c751e8b465ee728b)
Start importing Assets/Karting/Prefabs/UI/NotificationToast.prefab using Guid(791e30b832d8b814c82d519317a16e6d) Importer(815301076,1909f56bfc062723c751e8b465ee728b)  -> (artifact id: '1270b023934108db41098fd867dc77ad') in 0.016011 seconds
  Import took 0.020397 seconds .

========================================================================
Received Import Request.
  Time since last request: 0.000299 seconds.
  path: Assets/Karting/Prefabs/UI/TimeDisplayCanvasText.prefab
  artifactKey: Guid(bbebcb296acba9f4a91b6d7802e04bf0) Importer(815301076,1909f56bfc062723c751e8b465ee728b)
Start importing Assets/Karting/Prefabs/UI/TimeDisplayCanvasText.prefab using Guid(bbebcb296acba9f4a91b6d7802e04bf0) Importer(815301076,1909f56bfc062723c751e8b465ee728b)  -> (artifact id: '34b2e0df79dea10d8ba5213b537b878c') in 0.030654 seconds
  Import took 0.034886 seconds .

========================================================================
Received Import Request.
  Time since last request: 0.000221 seconds.
  path: Assets/Karting/Prefabs/UI/ObjectiveToastSecondary.prefab
  artifactKey: Guid(418abff609b9b754ba25e34faf58edf4) Importer(815301076,1909f56bfc062723c751e8b465ee728b)
Start importing Assets/Karting/Prefabs/UI/ObjectiveToastSecondary.prefab using Guid(418abff609b9b754ba25e34faf58edf4) Importer(815301076,1909f56bfc062723c751e8b465ee728b)  -> (artifact id: '0d96f66e50fee23432f4ae60770efbb1') in 0.015698 seconds
  Import took 0.020117 seconds .

========================================================================
Received Import Request.
  Time since last request: 0.000226 seconds.
  path: Assets/Karting/Prefabs/UI/RaceCountdownCanvas.prefab
  artifactKey: Guid(f29c8f9af0e64ab48a6c306b16e4a8fd) Importer(815301076,1909f56bfc062723c751e8b465ee728b)
Start importing Assets/Karting/Prefabs/UI/RaceCountdownCanvas.prefab using Guid(f29c8f9af0e64ab48a6c306b16e4a8fd) Importer(815301076,1909f56bfc062723c751e8b465ee728b)  -> (artifact id: 'dfe7534e53fa17891c9301df0662850e') in 0.010267 seconds
  Import took 0.015716 seconds .

========================================================================
Received Import Request.
  Time since last request: 0.000207 seconds.
  path: Assets/Karting/Prefabs/UI/ObjectiveToastPrimary.prefab
  artifactKey: Guid(825d6b0d7b3a7394a9f51c7b6900c135) Importer(815301076,1909f56bfc062723c751e8b465ee728b)
Start importing Assets/Karting/Prefabs/UI/ObjectiveToastPrimary.prefab using Guid(825d6b0d7b3a7394a9f51c7b6900c135) Importer(815301076,1909f56bfc062723c751e8b465ee728b)  -> (artifact id: '8119c2f09ce55002f047618bb760ba6f') in 0.016194 seconds
  Import took 0.021295 seconds .

========================================================================
Received Import Request.
  Time since last request: 0.000239 seconds.
  path: Assets/Karting/Prefabs/UI/LoseGameMessage.prefab
  artifactKey: Guid(5dbe1bc8a2e754a37bd391b8506ff1d8) Importer(815301076,1909f56bfc062723c751e8b465ee728b)
Start importing Assets/Karting/Prefabs/UI/LoseGameMessage.prefab using Guid(5dbe1bc8a2e754a37bd391b8506ff1d8) Importer(815301076,1909f56bfc062723c751e8b465ee728b)  -> (artifact id: 'ef869241a644dfed9a63d3201724a3f9') in 0.007923 seconds
  Import took 0.013170 seconds .

========================================================================
Received Import Request.
  Time since last request: 0.000237 seconds.
  path: Assets/Karting/Prefabs/UI/InGameMenu.prefab
  artifactKey: Guid(cf135591008cd4358b09a85e59fcfc1e) Importer(815301076,1909f56bfc062723c751e8b465ee728b)
Start importing Assets/Karting/Prefabs/UI/InGameMenu.prefab using Guid(cf135591008cd4358b09a85e59fcfc1e) Importer(815301076,1909f56bfc062723c751e8b465ee728b)  -> (artifact id: '40cac2a22e3e66da4db5e839b1028f8f') in 0.013992 seconds
  Import took 0.018955 seconds .

========================================================================
Received Import Request.
  Time since last request: 0.000238 seconds.
  path: Assets/Karting/Prefabs/UI/TimeDisplayItem.prefab
  artifactKey: Guid(e5b44eea871016048be2b9ce5142991d) Importer(815301076,1909f56bfc062723c751e8b465ee728b)
Start importing Assets/Karting/Prefabs/UI/TimeDisplayItem.prefab using Guid(e5b44eea871016048be2b9ce5142991d) Importer(815301076,1909f56bfc062723c751e8b465ee728b)  -> (artifact id: '8f85ad965f086d77f6d44c1ef2d7ec9b') in 0.018929 seconds
  Import took 0.023258 seconds .

========================================================================
Received Import Request.
  Time since last request: 0.000150 seconds.
  path: Assets/Karting/Prefabs/UI/GameMessageGeneric.prefab
  artifactKey: Guid(dbfc7742a2f49bf42a9a012e4ec4b773) Importer(815301076,1909f56bfc062723c751e8b465ee728b)
Start importing Assets/Karting/Prefabs/UI/GameMessageGeneric.prefab using Guid(dbfc7742a2f49bf42a9a012e4ec4b773) Importer(815301076,1909f56bfc062723c751e8b465ee728b)  -> (artifact id: 'f0c6c379fdc9c6554cdc42b67f75b7a6') in 0.013575 seconds
  Import took 0.017590 seconds .

========================================================================
Received Import Request.
  Time since last request: 0.000142 seconds.
  path: Assets/Karting/Prefabs/UI/GameHUD.prefab
  artifactKey: Guid(2c5fd2f47a2514711843f1f96c7b2f0c) Importer(815301076,1909f56bfc062723c751e8b465ee728b)
Start importing Assets/Karting/Prefabs/UI/GameHUD.prefab using Guid(2c5fd2f47a2514711843f1f96c7b2f0c) Importer(815301076,1909f56bfc062723c751e8b465ee728b)  -> (artifact id: 'e4eba24f3c972d9b0004e87b9746e9f4') in 0.021508 seconds
  Import took 0.026167 seconds .

========================================================================
Received Import Request.
  Time since last request: 0.000156 seconds.
  path: Assets/Karting/Prefabs/UI/Timer.prefab
  artifactKey: Guid(5dd53015eb1a445d4b566f280d2656f1) Importer(815301076,1909f56bfc062723c751e8b465ee728b)
Start importing Assets/Karting/Prefabs/UI/Timer.prefab using Guid(5dd53015eb1a445d4b566f280d2656f1) Importer(815301076,1909f56bfc062723c751e8b465ee728b)  -> (artifact id: '58728ce1d55b624201bfb27963564e9f') in 0.076761 seconds
  Import took 0.080695 seconds .

========================================================================
Received Import Request.
  Time since last request: 0.000329 seconds.
  path: Assets/Karting/Prefabs/UI/WinGameMessage.prefab
  artifactKey: Guid(f981094eb6c2a6f4f8a56f85c606e3d1) Importer(815301076,1909f56bfc062723c751e8b465ee728b)
Start importing Assets/Karting/Prefabs/UI/WinGameMessage.prefab using Guid(f981094eb6c2a6f4f8a56f85c606e3d1) Importer(815301076,1909f56bfc062723c751e8b465ee728b)  -> (artifact id: 'a2d2c5dc61e704814bc0b1939ad057d7') in 0.008386 seconds
  Import took 0.036946 seconds .

========================================================================
Received Import Request.
  Time since last request: 0.000197 seconds.
  path: Assets/Karting/Prefabs/UI/TimeDisplayCanvas.prefab
  artifactKey: Guid(8d79384b550589d498c55817e4277af2) Importer(815301076,1909f56bfc062723c751e8b465ee728b)
Start importing Assets/Karting/Prefabs/UI/TimeDisplayCanvas.prefab using Guid(8d79384b550589d498c55817e4277af2) Importer(815301076,1909f56bfc062723c751e8b465ee728b)  -> (artifact id: '0bd573ccb12153edc96d47d605c2b514') in 0.030643 seconds
  Import took 0.034772 seconds .

========================================================================
Received Prepare
Registering precompiled user dll's ...
Registered in 0.002797 seconds.
Begin MonoManager ReloadAssembly
Native extension for WindowsStandalone target not found
Native extension for WebGL target not found
Refreshing native plugins compatible for Editor in 0.60 ms, found 1 plugins.
Preloading 0 native plugins for Editor in 0.00 ms.
Warning: Annotation not found!
UnityEngine.StackTraceUtility:ExtractStackTrace ()
UnityEditor.ProBuilder.EditorUtility:SetGizmoIconEnabled (System.Type,bool) (at Library/PackageCache/com.unity.probuilder@4.5.0/Editor/EditorCore/EditorUtility.cs:593)
UnityEditor.ProBuilder.HierarchyListener:.cctor () (at Library/PackageCache/com.unity.probuilder@4.5.0/Editor/EditorCore/HierarchyListener.cs:21)
System.Runtime.CompilerServices.RuntimeHelpers:RunClassConstructor (System.RuntimeTypeHandle)
UnityEditor.EditorAssemblies:ProcessInitializeOnLoadAttributes (System.Type[])

[Library/PackageCache/com.unity.probuilder@4.5.0/Editor/EditorCore/EditorUtility.cs line 593]

Invoked RoslynAnalysisRunner static constructor.
RoslynAnalysisRunner will not be running.
RoslynAnalysisRunner has terminated.
Mono: successfully reloaded assembly
- Completed reload, in  0.985 seconds
Platform modules already initialized, skipping
Refreshing native plugins compatible for Editor in 0.66 ms, found 1 plugins.
Preloading 0 native plugins for Editor in 0.00 ms.
Unloading 2409 Unused Serialized files (Serialized files now loaded: 0)
System memory in use before: 116.9 MB.
System memory in use after: 117.1 MB.

Unloading 23 unused Assets to reduce memory usage. Loaded Objects now: 2979.
Total: 2.846500 ms (FindLiveObjects: 0.255300 ms CreateObjectMapping: 0.101100 ms MarkObjects: 2.422500 ms  DeleteObjects: 0.066800 ms)

========================================================================
Received Prepare
Registering precompiled user dll's ...
Registered in 0.003039 seconds.
Begin MonoManager ReloadAssembly
Native extension for WindowsStandalone target not found
Native extension for WebGL target not found
Refreshing native plugins compatible for Editor in 0.61 ms, found 1 plugins.
Preloading 0 native plugins for Editor in 0.00 ms.
Warning: Annotation not found!
UnityEngine.StackTraceUtility:ExtractStackTrace ()
UnityEditor.ProBuilder.EditorUtility:SetGizmoIconEnabled (System.Type,bool) (at Library/PackageCache/com.unity.probuilder@4.5.0/Editor/EditorCore/EditorUtility.cs:593)
UnityEditor.ProBuilder.HierarchyListener:.cctor () (at Library/PackageCache/com.unity.probuilder@4.5.0/Editor/EditorCore/HierarchyListener.cs:21)
System.Runtime.CompilerServices.RuntimeHelpers:RunClassConstructor (System.RuntimeTypeHandle)
UnityEditor.EditorAssemblies:ProcessInitializeOnLoadAttributes (System.Type[])

[Library/PackageCache/com.unity.probuilder@4.5.0/Editor/EditorCore/EditorUtility.cs line 593]

Invoked RoslynAnalysisRunner static constructor.
RoslynAnalysisRunner will not be running.
RoslynAnalysisRunner has terminated.
Mono: successfully reloaded assembly
- Completed reload, in  1.076 seconds
Platform modules already initialized, skipping
Refreshing native plugins compatible for Editor in 0.53 ms, found 1 plugins.
Preloading 0 native plugins for Editor in 0.00 ms.
Unloading 2409 Unused Serialized files (Serialized files now loaded: 0)
System memory in use before: 116.8 MB.
System memory in use after: 117.0 MB.

Unloading 20 unused Assets to reduce memory usage. Loaded Objects now: 2983.
Total: 2.976000 ms (FindLiveObjects: 0.307200 ms CreateObjectMapping: 0.111300 ms MarkObjects: 2.463400 ms  DeleteObjects: 0.093500 ms)

========================================================================
Received Import Request.
  Time since last request: 981.889049 seconds.
  path: Assets/Karting/Scripts/GameModes/ObjectiveReachTargets.cs
  artifactKey: Guid(9266a736ad4804e8aa383ea677bf51fc) Importer(815301076,1909f56bfc062723c751e8b465ee728b)
Start importing Assets/Karting/Scripts/GameModes/ObjectiveReachTargets.cs using Guid(9266a736ad4804e8aa383ea677bf51fc) Importer(815301076,1909f56bfc062723c751e8b465ee728b)  -> (artifact id: 'a956da6269d87d5622bf9ea1b11d38c2') in 0.012897 seconds
  Import took 0.046665 seconds .

========================================================================
Received Import Request.
  Time since last request: 0.027669 seconds.
  path: Assets/Karting/Scripts/GameModes/ObjectiveReachTargets.cs
  artifactKey: Guid(9266a736ad4804e8aa383ea677bf51fc) Importer(815301076,1909f56bfc062723c751e8b465ee728b)
Start importing Assets/Karting/Scripts/GameModes/ObjectiveReachTargets.cs using Guid(9266a736ad4804e8aa383ea677bf51fc) Importer(815301076,1909f56bfc062723c751e8b465ee728b)  -> (artifact id: 'a956da6269d87d5622bf9ea1b11d38c2') in 0.020900 seconds
  Import took 0.024835 seconds .

========================================================================
Received Import Request.
  Time since last request: 6.536275 seconds.
  path: Assets/Karting/Scripts/GameModes/TargetObject.cs
  artifactKey: Guid(4e888ffe77e8386469d463bb4c10cb82) Importer(815301076,1909f56bfc062723c751e8b465ee728b)
Start importing Assets/Karting/Scripts/GameModes/TargetObject.cs using Guid(4e888ffe77e8386469d463bb4c10cb82) Importer(815301076,1909f56bfc062723c751e8b465ee728b)  -> (artifact id: '91554a4d2544a6aefb2a3dbbb1548680') in 0.006498 seconds
  Import took 0.010529 seconds .

========================================================================
Received Import Request.
  Time since last request: 0.002403 seconds.
  path: Assets/Karting/Scripts/GameModes/TargetObject.cs
  artifactKey: Guid(4e888ffe77e8386469d463bb4c10cb82) Importer(815301076,1909f56bfc062723c751e8b465ee728b)
Start importing Assets/Karting/Scripts/GameModes/TargetObject.cs using Guid(4e888ffe77e8386469d463bb4c10cb82) Importer(815301076,1909f56bfc062723c751e8b465ee728b)  -> (artifact id: '91554a4d2544a6aefb2a3dbbb1548680') in 0.001759 seconds
  Import took 0.005924 seconds .

========================================================================
Received Import Request.
  Time since last request: 4.628647 seconds.
  path: Assets/Karting/Scripts/GameModes/ObjectiveCompleteLaps.cs
  artifactKey: Guid(ee5fe0e5a8b366e468255c72bbd5ec0b) Importer(815301076,1909f56bfc062723c751e8b465ee728b)
Start importing Assets/Karting/Scripts/GameModes/ObjectiveCompleteLaps.cs using Guid(ee5fe0e5a8b366e468255c72bbd5ec0b) Importer(815301076,1909f56bfc062723c751e8b465ee728b)  -> (artifact id: '7966f7c5b19415d3e0153695544a79c2') in 0.006230 seconds
  Import took 0.039226 seconds .

========================================================================
Received Import Request.
  Time since last request: 4.149876 seconds.
  path: Assets/Karting/Scripts/GameModes/LapObject.cs
  artifactKey: Guid(6344976416bcc674d97e5fabc52f3cd0) Importer(815301076,1909f56bfc062723c751e8b465ee728b)
Start importing Assets/Karting/Scripts/GameModes/LapObject.cs using Guid(6344976416bcc674d97e5fabc52f3cd0) Importer(815301076,1909f56bfc062723c751e8b465ee728b)  -> (artifact id: 'cbbbe2af1a6a271dda32d180f8b580d8') in 0.006793 seconds
  Import took 0.010867 seconds .

========================================================================
Received Import Request.
  Time since last request: 0.002001 seconds.
  path: Assets/Karting/Scripts/GameModes/LapObject.cs
  artifactKey: Guid(6344976416bcc674d97e5fabc52f3cd0) Importer(815301076,1909f56bfc062723c751e8b465ee728b)
Start importing Assets/Karting/Scripts/GameModes/LapObject.cs using Guid(6344976416bcc674d97e5fabc52f3cd0) Importer(815301076,1909f56bfc062723c751e8b465ee728b)  -> (artifact id: 'cbbbe2af1a6a271dda32d180f8b580d8') in 0.001859 seconds
  Import took 0.007242 seconds .

========================================================================
Received Import Request.
  Time since last request: 3.854240 seconds.
  path: Assets/Karting/Scripts/GameModes/CrashObject.cs
  artifactKey: Guid(498499dc877df4f74bb4d952b11d4185) Importer(815301076,1909f56bfc062723c751e8b465ee728b)
Start importing Assets/Karting/Scripts/GameModes/CrashObject.cs using Guid(498499dc877df4f74bb4d952b11d4185) Importer(815301076,1909f56bfc062723c751e8b465ee728b)  -> (artifact id: 'd25efb83bd5d8bbb037bb5a7307d16f0') in 0.040767 seconds
  Import took 0.064968 seconds .

========================================================================
Received Prepare
Registering precompiled user dll's ...
Registered in 0.002814 seconds.
Begin MonoManager ReloadAssembly
Native extension for WindowsStandalone target not found
Native extension for WebGL target not found
Refreshing native plugins compatible for Editor in 0.50 ms, found 1 plugins.
Preloading 0 native plugins for Editor in 0.00 ms.
Warning: Annotation not found!
UnityEngine.StackTraceUtility:ExtractStackTrace ()
UnityEditor.ProBuilder.EditorUtility:SetGizmoIconEnabled (System.Type,bool) (at Library/PackageCache/com.unity.probuilder@4.5.0/Editor/EditorCore/EditorUtility.cs:593)
UnityEditor.ProBuilder.HierarchyListener:.cctor () (at Library/PackageCache/com.unity.probuilder@4.5.0/Editor/EditorCore/HierarchyListener.cs:21)
System.Runtime.CompilerServices.RuntimeHelpers:RunClassConstructor (System.RuntimeTypeHandle)
UnityEditor.EditorAssemblies:ProcessInitializeOnLoadAttributes (System.Type[])

[Library/PackageCache/com.unity.probuilder@4.5.0/Editor/EditorCore/EditorUtility.cs line 593]

Invoked RoslynAnalysisRunner static constructor.
RoslynAnalysisRunner will not be running.
RoslynAnalysisRunner has terminated.
Mono: successfully reloaded assembly
- Completed reload, in  1.039 seconds
Platform modules already initialized, skipping
Refreshing native plugins compatible for Editor in 0.51 ms, found 1 plugins.
Preloading 0 native plugins for Editor in 0.00 ms.
Unloading 2409 Unused Serialized files (Serialized files now loaded: 0)
System memory in use before: 117.0 MB.
System memory in use after: 117.2 MB.

Unloading 20 unused Assets to reduce memory usage. Loaded Objects now: 2987.
Total: 3.414100 ms (FindLiveObjects: 0.285200 ms CreateObjectMapping: 0.121100 ms MarkObjects: 2.924800 ms  DeleteObjects: 0.081600 ms)

========================================================================
Received Import Request.
  Time since last request: 961.683228 seconds.
  path: Assets/Karting/Scenes/WinScene.unity
  artifactKey: Guid(d6801f2e59f75ee4b919cf5da4e48e3b) Importer(815301076,1909f56bfc062723c751e8b465ee728b)
Start importing Assets/Karting/Scenes/WinScene.unity using Guid(d6801f2e59f75ee4b919cf5da4e48e3b) Importer(815301076,1909f56bfc062723c751e8b465ee728b)  -> (artifact id: 'e6f8e999334b3414df4f3c09d88bd5a2') in 0.012174 seconds
  Import took 0.017449 seconds .

========================================================================
Received Prepare
Registering precompiled user dll's ...
Registered in 0.002988 seconds.
Begin MonoManager ReloadAssembly
Native extension for WindowsStandalone target not found
Native extension for WebGL target not found
Refreshing native plugins compatible for Editor in 0.70 ms, found 1 plugins.
Preloading 0 native plugins for Editor in 0.00 ms.
Warning: Annotation not found!
UnityEngine.StackTraceUtility:ExtractStackTrace ()
UnityEditor.ProBuilder.EditorUtility:SetGizmoIconEnabled (System.Type,bool) (at Library/PackageCache/com.unity.probuilder@4.5.0/Editor/EditorCore/EditorUtility.cs:593)
UnityEditor.ProBuilder.HierarchyListener:.cctor () (at Library/PackageCache/com.unity.probuilder@4.5.0/Editor/EditorCore/HierarchyListener.cs:21)
System.Runtime.CompilerServices.RuntimeHelpers:RunClassConstructor (System.RuntimeTypeHandle)
UnityEditor.EditorAssemblies:ProcessInitializeOnLoadAttributes (System.Type[])

[Library/PackageCache/com.unity.probuilder@4.5.0/Editor/EditorCore/EditorUtility.cs line 593]

Invoked RoslynAnalysisRunner static constructor.
RoslynAnalysisRunner will not be running.
RoslynAnalysisRunner has terminated.
Mono: successfully reloaded assembly
- Completed reload, in  1.070 seconds
Platform modules already initialized, skipping
Refreshing native plugins compatible for Editor in 0.66 ms, found 1 plugins.
Preloading 0 native plugins for Editor in 0.00 ms.
Unloading 2409 Unused Serialized files (Serialized files now loaded: 0)
System memory in use before: 117.0 MB.
System memory in use after: 117.2 MB.

Unloading 20 unused Assets to reduce memory usage. Loaded Objects now: 2991.
Total: 2.977200 ms (FindLiveObjects: 0.269000 ms CreateObjectMapping: 0.116400 ms MarkObjects: 2.519200 ms  DeleteObjects: 0.071600 ms)

========================================================================
Received Import Request.
  Time since last request: 58.785928 seconds.
  path: Assets/Karting/Scenes/LoseScene.unity
  artifactKey: Guid(9c449e01147824b419cda406398fb2e7) Importer(815301076,1909f56bfc062723c751e8b465ee728b)
Start importing Assets/Karting/Scenes/LoseScene.unity using Guid(9c449e01147824b419cda406398fb2e7) Importer(815301076,1909f56bfc062723c751e8b465ee728b)  -> (artifact id: 'ae8b9129c6f85cfbc4e98041e71c745e') in 0.006546 seconds
  Import took 0.044339 seconds .

========================================================================
Received Import Request.
  Time since last request: 82.005760 seconds.
  path: Assets/Karting/Scenes/GameplayGyms/PhysicsPlayground.unity
  artifactKey: Guid(7559b0c7ad9b04f409f7ca0694bf4ebb) Importer(815301076,1909f56bfc062723c751e8b465ee728b)
Start importing Assets/Karting/Scenes/GameplayGyms/PhysicsPlayground.unity using Guid(7559b0c7ad9b04f409f7ca0694bf4ebb) Importer(815301076,1909f56bfc062723c751e8b465ee728b)  -> (artifact id: '405430f1c346f1160f9e1e50efa7cf35') in 0.006576 seconds
  Import took 0.053591 seconds .

========================================================================
Received Prepare
Registering precompiled user dll's ...
Registered in 0.003881 seconds.
Begin MonoManager ReloadAssembly
Native extension for WindowsStandalone target not found
Native extension for WebGL target not found
Refreshing native plugins compatible for Editor in 0.69 ms, found 1 plugins.
Preloading 0 native plugins for Editor in 0.00 ms.
Warning: Annotation not found!
UnityEngine.StackTraceUtility:ExtractStackTrace ()
UnityEditor.ProBuilder.EditorUtility:SetGizmoIconEnabled (System.Type,bool) (at Library/PackageCache/com.unity.probuilder@4.5.0/Editor/EditorCore/EditorUtility.cs:593)
UnityEditor.ProBuilder.HierarchyListener:.cctor () (at Library/PackageCache/com.unity.probuilder@4.5.0/Editor/EditorCore/HierarchyListener.cs:21)
System.Runtime.CompilerServices.RuntimeHelpers:RunClassConstructor (System.RuntimeTypeHandle)
UnityEditor.EditorAssemblies:ProcessInitializeOnLoadAttributes (System.Type[])

[Library/PackageCache/com.unity.probuilder@4.5.0/Editor/EditorCore/EditorUtility.cs line 593]

Invoked RoslynAnalysisRunner static constructor.
RoslynAnalysisRunner will not be running.
RoslynAnalysisRunner has terminated.
Mono: successfully reloaded assembly
- Completed reload, in  0.966 seconds
Platform modules already initialized, skipping
Refreshing native plugins compatible for Editor in 0.52 ms, found 1 plugins.
Preloading 0 native plugins for Editor in 0.00 ms.
Unloading 2409 Unused Serialized files (Serialized files now loaded: 0)
System memory in use before: 117.0 MB.
System memory in use after: 117.2 MB.

Unloading 20 unused Assets to reduce memory usage. Loaded Objects now: 2995.
Total: 3.101600 ms (FindLiveObjects: 0.304100 ms CreateObjectMapping: 0.154900 ms MarkObjects: 2.541500 ms  DeleteObjects: 0.099900 ms)

========================================================================
Received Import Request.
  Time since last request: 371.345287 seconds.
  path: Assets/Scene/Track 2.unity
  artifactKey: Guid(01715fb400c085f418d63dda63b29482) Importer(815301076,1909f56bfc062723c751e8b465ee728b)
Start importing Assets/Scene/Track 2.unity using Guid(01715fb400c085f418d63dda63b29482) Importer(815301076,1909f56bfc062723c751e8b465ee728b)  -> (artifact id: '0dfe6c25eb0a87de1addb84aecfe6c33') in 0.011342 seconds
  Import took 0.015827 seconds .

========================================================================
Received Prepare
Registering precompiled user dll's ...
Registered in 0.002822 seconds.
Begin MonoManager ReloadAssembly
Native extension for WindowsStandalone target not found
Native extension for WebGL target not found
Refreshing native plugins compatible for Editor in 0.78 ms, found 1 plugins.
Preloading 0 native plugins for Editor in 0.00 ms.
Warning: Annotation not found!
UnityEngine.StackTraceUtility:ExtractStackTrace ()
UnityEditor.ProBuilder.EditorUtility:SetGizmoIconEnabled (System.Type,bool) (at Library/PackageCache/com.unity.probuilder@4.5.0/Editor/EditorCore/EditorUtility.cs:593)
UnityEditor.ProBuilder.HierarchyListener:.cctor () (at Library/PackageCache/com.unity.probuilder@4.5.0/Editor/EditorCore/HierarchyListener.cs:21)
System.Runtime.CompilerServices.RuntimeHelpers:RunClassConstructor (System.RuntimeTypeHandle)
UnityEditor.EditorAssemblies:ProcessInitializeOnLoadAttributes (System.Type[])

[Library/PackageCache/com.unity.probuilder@4.5.0/Editor/EditorCore/EditorUtility.cs line 593]

Invoked RoslynAnalysisRunner static constructor.
RoslynAnalysisRunner will not be running.
RoslynAnalysisRunner has terminated.
Mono: successfully reloaded assembly
- Completed reload, in  1.015 seconds
Platform modules already initialized, skipping
Refreshing native plugins compatible for Editor in 0.60 ms, found 1 plugins.
Preloading 0 native plugins for Editor in 0.00 ms.
Unloading 2409 Unused Serialized files (Serialized files now loaded: 0)
System memory in use before: 117.0 MB.
System memory in use after: 117.2 MB.

Unloading 20 unused Assets to reduce memory usage. Loaded Objects now: 2999.
Total: 2.983900 ms (FindLiveObjects: 0.272200 ms CreateObjectMapping: 0.109900 ms MarkObjects: 2.496900 ms  DeleteObjects: 0.103800 ms)

========================================================================
Received Import Request.
  Time since last request: 65.227332 seconds.
  path: Assets/Scene/Track 3.unity
  artifactKey: Guid(3b5c50e5dafba804fb409613bf55da53) Importer(815301076,1909f56bfc062723c751e8b465ee728b)
Start importing Assets/Scene/Track 3.unity using Guid(3b5c50e5dafba804fb409613bf55da53) Importer(815301076,1909f56bfc062723c751e8b465ee728b)  -> (artifact id: '5518c18f9df2bc582a6bebd07916b489') in 0.006745 seconds
  Import took 0.051900 seconds .

========================================================================
Received Prepare
Registering precompiled user dll's ...
Registered in 0.002876 seconds.
Begin MonoManager ReloadAssembly
Native extension for WindowsStandalone target not found
Native extension for WebGL target not found
Refreshing native plugins compatible for Editor in 0.50 ms, found 1 plugins.
Preloading 0 native plugins for Editor in 0.00 ms.
Warning: Annotation not found!
UnityEngine.StackTraceUtility:ExtractStackTrace ()
UnityEditor.ProBuilder.EditorUtility:SetGizmoIconEnabled (System.Type,bool) (at Library/PackageCache/com.unity.probuilder@4.5.0/Editor/EditorCore/EditorUtility.cs:593)
UnityEditor.ProBuilder.HierarchyListener:.cctor () (at Library/PackageCache/com.unity.probuilder@4.5.0/Editor/EditorCore/HierarchyListener.cs:21)
System.Runtime.CompilerServices.RuntimeHelpers:RunClassConstructor (System.RuntimeTypeHandle)
UnityEditor.EditorAssemblies:ProcessInitializeOnLoadAttributes (System.Type[])

[Library/PackageCache/com.unity.probuilder@4.5.0/Editor/EditorCore/EditorUtility.cs line 593]

Invoked RoslynAnalysisRunner static constructor.
RoslynAnalysisRunner will not be running.
RoslynAnalysisRunner has terminated.
Mono: successfully reloaded assembly
- Completed reload, in  0.977 seconds
Platform modules already initialized, skipping
Refreshing native plugins compatible for Editor in 0.81 ms, found 1 plugins.
Preloading 0 native plugins for Editor in 0.00 ms.
Unloading 2409 Unused Serialized files (Serialized files now loaded: 0)
System memory in use before: 117.0 MB.
System memory in use after: 117.1 MB.

Unloading 20 unused Assets to reduce memory usage. Loaded Objects now: 3003.
Total: 2.871000 ms (FindLiveObjects: 0.248400 ms CreateObjectMapping: 0.108000 ms MarkObjects: 2.424000 ms  DeleteObjects: 0.089600 ms)

========================================================================
Received Import Request.
  Time since last request: 82.847778 seconds.
  path: Assets/Scene/Track 1.unity
  artifactKey: Guid(0c040aec830927a44815aba9b4c82399) Importer(815301076,1909f56bfc062723c751e8b465ee728b)
Start importing Assets/Scene/Track 1.unity using Guid(0c040aec830927a44815aba9b4c82399) Importer(815301076,1909f56bfc062723c751e8b465ee728b)  -> (artifact id: 'ee32c974a6b7cab54bad2b04cd1fd2dd') in 0.010247 seconds
  Import took 0.044469 seconds .

========================================================================
Received Import Request.
  Time since last request: 159.890991 seconds.
  path: Assets/Scene/Track 2.unity
  artifactKey: Guid(01715fb400c085f418d63dda63b29482) Importer(815301076,1909f56bfc062723c751e8b465ee728b)
Start importing Assets/Scene/Track 2.unity using Guid(01715fb400c085f418d63dda63b29482) Importer(815301076,1909f56bfc062723c751e8b465ee728b)  -> (artifact id: 'a9ab9da6bd64a66a7c1f200fb7f0dabe') in 0.003874 seconds
  Import took 0.008399 seconds .

========================================================================
Received Import Request.
  Time since last request: 17.261965 seconds.
  path: Assets/Scene/Track 3.unity
  artifactKey: Guid(3b5c50e5dafba804fb409613bf55da53) Importer(815301076,1909f56bfc062723c751e8b465ee728b)
Start importing Assets/Scene/Track 3.unity using Guid(3b5c50e5dafba804fb409613bf55da53) Importer(815301076,1909f56bfc062723c751e8b465ee728b)  -> (artifact id: 'ff0bc00a029d9bbe0af4f2d5fb06e601') in 0.003343 seconds
  Import took 0.007698 seconds .

========================================================================
Received Prepare
Registering precompiled user dll's ...
Registered in 0.003487 seconds.
Begin MonoManager ReloadAssembly
Native extension for WindowsStandalone target not found
Native extension for WebGL target not found
Refreshing native plugins compatible for Editor in 0.53 ms, found 1 plugins.
Preloading 0 native plugins for Editor in 0.00 ms.
Warning: Annotation not found!
UnityEngine.StackTraceUtility:ExtractStackTrace ()
UnityEditor.ProBuilder.EditorUtility:SetGizmoIconEnabled (System.Type,bool) (at Library/PackageCache/com.unity.probuilder@4.5.0/Editor/EditorCore/EditorUtility.cs:593)
UnityEditor.ProBuilder.HierarchyListener:.cctor () (at Library/PackageCache/com.unity.probuilder@4.5.0/Editor/EditorCore/HierarchyListener.cs:21)
System.Runtime.CompilerServices.RuntimeHelpers:RunClassConstructor (System.RuntimeTypeHandle)
UnityEditor.EditorAssemblies:ProcessInitializeOnLoadAttributes (System.Type[])

[Library/PackageCache/com.unity.probuilder@4.5.0/Editor/EditorCore/EditorUtility.cs line 593]

Invoked RoslynAnalysisRunner static constructor.
RoslynAnalysisRunner will not be running.
RoslynAnalysisRunner has terminated.
Mono: successfully reloaded assembly
- Completed reload, in  1.086 seconds
Platform modules already initialized, skipping
Refreshing native plugins compatible for Editor in 0.53 ms, found 1 plugins.
Preloading 0 native plugins for Editor in 0.00 ms.
Unloading 2409 Unused Serialized files (Serialized files now loaded: 0)
System memory in use before: 117.1 MB.
System memory in use after: 117.3 MB.

Unloading 20 unused Assets to reduce memory usage. Loaded Objects now: 3007.
Total: 2.946500 ms (FindLiveObjects: 0.248300 ms CreateObjectMapping: 0.114400 ms MarkObjects: 2.505000 ms  DeleteObjects: 0.078000 ms)

========================================================================
Received Import Request.
  Time since last request: 230.511399 seconds.
  path: Assets/Scene/Track 2.unity
  artifactKey: Guid(01715fb400c085f418d63dda63b29482) Importer(815301076,1909f56bfc062723c751e8b465ee728b)
Start importing Assets/Scene/Track 2.unity using Guid(01715fb400c085f418d63dda63b29482) Importer(815301076,1909f56bfc062723c751e8b465ee728b)  -> (artifact id: '59c224802e5fb0b0f4df11e1b32b6070') in 0.006848 seconds
  Import took 0.010712 seconds .

AssetImportWorkerClient::OnTransportError - code=2 error=End of file
